2023-01-10T03:00:40.153Z - info: Website generation started at 11:00:26 am
2023-01-10T03:01:03.024Z - info: Building assets...
2023-01-10T03:01:18.093Z - info: Assets built
2023-01-10T03:01:18.094Z - info: Generating pages...
2023-01-10T03:01:31.354Z - debug:  
2023-01-10T03:01:31.356Z - debug:  
2023-01-10T03:01:31.688Z - debug:  
2023-01-10T03:01:37.016Z - debug:  
2023-01-10T03:01:37.020Z - debug:  
2023-01-10T03:01:41.680Z - debug:  
2023-01-10T03:01:41.680Z - debug:  
2023-01-10T03:01:41.680Z - debug:  
2023-01-10T03:01:41.681Z - debug:  
2023-01-10T03:01:41.681Z - debug:  
2023-01-10T03:01:41.681Z - debug:  
2023-01-10T03:01:41.682Z - debug:  
2023-01-10T03:01:41.684Z - debug:  
2023-01-10T03:02:54.018Z - info: Pages built
2023-01-10T03:02:55.326Z - info: Site data built
2023-01-10T03:02:55.327Z - info: Website generation complete! Total build time: 148.331s
2023-01-10T03:02:56.254Z - info: Serving "C:\repos\nus-cs2103\cs2103-website-base\book\_site" at http://127.0.0.1:8080
2023-01-10T03:02:56.254Z - info: Press CTRL+C to stop ...
2023-01-10T03:07:21.034Z - info: Website generation started at 11:07:09 am
2023-01-10T03:07:40.238Z - info: Building assets...
2023-01-10T03:07:53.903Z - info: Assets built
2023-01-10T03:07:53.904Z - info: Generating pages...
2023-01-10T03:08:05.189Z - debug:  
2023-01-10T03:08:05.190Z - debug:  
2023-01-10T03:08:05.959Z - debug:  
2023-01-10T03:08:15.651Z - debug:  
2023-01-10T03:08:15.651Z - debug:  
2023-01-10T03:08:15.652Z - debug:  
2023-01-10T03:08:15.652Z - debug:  
2023-01-10T03:08:15.653Z - debug:  
2023-01-10T03:08:15.653Z - debug:  
2023-01-10T03:08:15.654Z - debug:  
2023-01-10T03:08:15.655Z - debug:  
2023-01-10T03:08:15.655Z - debug:  
2023-01-10T03:08:15.655Z - debug:  
2023-01-10T03:09:26.472Z - info: Pages built
2023-01-10T03:09:27.760Z - info: Site data built
2023-01-10T03:09:27.761Z - info: Website generation complete! Total build time: 138.643s
2023-01-10T03:09:27.761Z - info: Build success!
2023-01-10T03:12:46.935Z - info: The website has been deployed at: https://se-edu.github.io/se-book
