2021-06-29T06:36:13.380Z - info: Website generation (lazy) started at 2:36:13 pm
2021-06-29T06:36:49.389Z - info: Building assets...
2021-06-29T06:37:27.922Z - info: Assets built
2021-06-29T06:37:27.925Z - info: Generating landing page...
2021-06-29T06:37:28.895Z - info: Landing page built, other pages will be built as you navigate to them!
2021-06-29T06:37:30.898Z - info: Site data built
2021-06-29T06:37:30.898Z - info: Website generation (lazy) complete! Total build time: 77.575s
2021-06-29T06:37:32.740Z - info: Serving "C:\repos\nus-cs2103\cs2103-website-base\book\_site" at http://127.0.0.1:8080
2021-06-29T06:37:32.740Z - info: Press CTRL+C to stop ...
2021-06-29T06:38:23.208Z - info: Building C:\repos\nus-cs2103\cs2103-website-base\book\designFundamentals\index as some of its dependencies were changed since the last visit
2021-06-29T06:38:25.168Z - info: Site data built
2021-06-29T06:38:25.169Z - info: Lazy website regeneration complete! Total build time: 1.969s
2021-06-29T06:41:12.878Z - info: [2:41:12 pm] Reload for file change: C:\repos\nus-cs2103\cs2103-website-base\book\_markbind\boilerplates\container-inParent-asPanel.md
2021-06-29T06:41:12.879Z - info: Synchronizing opened pages list before reload
2021-06-29T06:41:12.880Z - info: Current opened pages, from most-to-least recent:
2021-06-29T06:41:12.880Z - info: 1. designFundamentals/index
2021-06-29T06:41:13.893Z - info: Rebuilding 1 pages
2021-06-29T06:41:15.398Z - info: Site data built
2021-06-29T06:41:15.400Z - info: Pages rebuilt
2021-06-29T06:41:15.401Z - info: Website regeneration complete! Total build time: 1.51s
2021-06-29T06:41:48.451Z - info: [2:41:48 pm] Reload for file change: C:\repos\nus-cs2103\cs2103-website-base\book\_markbind\boilerplates\container-inParent-asPanel.md
2021-06-29T06:41:48.451Z - info: Synchronizing opened pages list before reload
2021-06-29T06:41:48.452Z - info: Current opened pages, from most-to-least recent:
2021-06-29T06:41:48.452Z - info: 1. designFundamentals/index
2021-06-29T06:41:49.457Z - info: Rebuilding 1 pages
2021-06-29T06:41:50.187Z - info: Site data built
2021-06-29T06:41:50.187Z - info: Pages rebuilt
2021-06-29T06:41:50.188Z - info: Website regeneration complete! Total build time: 0.731s
2021-06-29T06:42:14.404Z - info: [2:42:14 pm] Reload for file change: C:\repos\nus-cs2103\cs2103-website-base\book\_markbind\boilerplates\container-inParent-asPanel.md
2021-06-29T06:42:14.404Z - info: Synchronizing opened pages list before reload
2021-06-29T06:42:14.405Z - info: Current opened pages, from most-to-least recent:
2021-06-29T06:42:14.405Z - info: 1. designFundamentals/index
2021-06-29T06:42:15.420Z - info: Rebuilding 1 pages
2021-06-29T06:42:16.220Z - info: Site data built
2021-06-29T06:42:16.221Z - info: Pages rebuilt
2021-06-29T06:42:16.221Z - info: Website regeneration complete! Total build time: 0.801s
2021-06-29T06:43:42.070Z - info: [2:43:42 pm] Reload for file change: C:\repos\nus-cs2103\cs2103-website-base\book\_markbind\boilerplates\container-inParent-asPanel.md
2021-06-29T06:43:42.071Z - info: Synchronizing opened pages list before reload
2021-06-29T06:43:42.072Z - info: Current opened pages, from most-to-least recent:
2021-06-29T06:43:42.072Z - info: 1. designFundamentals/index
2021-06-29T06:43:43.088Z - info: Rebuilding 1 pages
2021-06-29T06:43:44.217Z - info: Site data built
2021-06-29T06:43:44.217Z - info: Pages rebuilt
2021-06-29T06:43:44.218Z - info: Website regeneration complete! Total build time: 1.132s
2021-06-29T06:44:33.079Z - info: [2:44:33 pm] Reload for file change: C:\repos\nus-cs2103\cs2103-website-base\book\_markbind\boilerplates\container-inParent-asPanel.md
2021-06-29T06:44:33.079Z - info: Synchronizing opened pages list before reload
2021-06-29T06:44:33.080Z - info: Current opened pages, from most-to-least recent:
2021-06-29T06:44:33.080Z - info: 1. designFundamentals/index
2021-06-29T06:44:34.101Z - info: Rebuilding 1 pages
2021-06-29T06:44:35.350Z - info: Site data built
2021-06-29T06:44:35.351Z - info: Pages rebuilt
2021-06-29T06:44:35.351Z - info: Website regeneration complete! Total build time: 1.254s
2021-06-29T06:44:56.384Z - info: [2:44:56 pm] Reload for file change: C:\repos\nus-cs2103\cs2103-website-base\book\_markbind\boilerplates\container-inParent-asPanel.md
2021-06-29T06:44:56.384Z - info: Synchronizing opened pages list before reload
2021-06-29T06:44:56.385Z - info: Current opened pages, from most-to-least recent:
2021-06-29T06:44:56.385Z - info: 1. designFundamentals/index
2021-06-29T06:44:57.395Z - info: Rebuilding 1 pages
2021-06-29T06:44:58.638Z - info: Site data built
2021-06-29T06:44:58.638Z - info: Pages rebuilt
2021-06-29T06:44:58.639Z - info: Website regeneration complete! Total build time: 1.248s
2021-06-29T06:45:29.870Z - info: [2:45:29 pm] Reload for file change: C:\repos\nus-cs2103\cs2103-website-base\book\_markbind\boilerplates\container-inParent-asPanel.md
2021-06-29T06:45:29.871Z - info: Synchronizing opened pages list before reload
2021-06-29T06:45:29.871Z - info: Current opened pages, from most-to-least recent:
2021-06-29T06:45:29.872Z - info: 1. designFundamentals/index
2021-06-29T06:45:30.898Z - info: Rebuilding 1 pages
2021-06-29T06:45:32.434Z - info: Site data built
2021-06-29T06:45:32.435Z - info: Pages rebuilt
2021-06-29T06:45:32.435Z - info: Website regeneration complete! Total build time: 1.538s
2021-06-29T06:45:50.103Z - info: [2:45:50 pm] Reload for file change: C:\repos\nus-cs2103\cs2103-website-base\book\_markbind\boilerplates\container-inParent-asPanel.md
2021-06-29T06:45:50.104Z - info: Synchronizing opened pages list before reload
2021-06-29T06:45:50.104Z - info: Current opened pages, from most-to-least recent:
2021-06-29T06:45:50.104Z - info: 1. designFundamentals/index
2021-06-29T06:45:51.126Z - info: Rebuilding 1 pages
2021-06-29T06:45:52.341Z - info: Site data built
2021-06-29T06:45:52.342Z - info: Pages rebuilt
2021-06-29T06:45:52.342Z - info: Website regeneration complete! Total build time: 1.217s
2021-06-29T06:47:17.377Z - info: [2:47:17 pm] Reload for file change: C:\repos\nus-cs2103\cs2103-website-base\book\_markbind\boilerplates\container-inParent-asPanel.md
2021-06-29T06:47:17.378Z - info: Synchronizing opened pages list before reload
2021-06-29T06:47:17.378Z - info: Current opened pages, from most-to-least recent:
2021-06-29T06:47:17.378Z - info: 1. designFundamentals/index
2021-06-29T06:47:18.397Z - info: Rebuilding 1 pages
2021-06-29T06:47:19.494Z - info: Site data built
2021-06-29T06:47:19.495Z - info: Pages rebuilt
2021-06-29T06:47:19.495Z - info: Website regeneration complete! Total build time: 1.1s
2021-06-29T06:47:34.989Z - info: [2:47:34 pm] Reload for file change: C:\repos\nus-cs2103\cs2103-website-base\book\_markbind\boilerplates\container-inParent-asPanel.md
2021-06-29T06:47:34.989Z - info: Synchronizing opened pages list before reload
2021-06-29T06:47:34.990Z - info: Current opened pages, from most-to-least recent:
2021-06-29T06:47:34.990Z - info: 1. designFundamentals/index
2021-06-29T06:47:36.006Z - info: Rebuilding 1 pages
2021-06-29T06:47:36.931Z - info: Site data built
2021-06-29T06:47:36.931Z - info: Pages rebuilt
2021-06-29T06:47:36.932Z - info: Website regeneration complete! Total build time: 0.928s
2021-06-29T06:48:14.928Z - info: [2:48:14 pm] Reload for file change: C:\repos\nus-cs2103\cs2103-website-base\book\_markbind\boilerplates\container-inParent-asPanel.md
2021-06-29T06:48:14.929Z - info: Synchronizing opened pages list before reload
2021-06-29T06:48:14.929Z - info: Current opened pages, from most-to-least recent:
2021-06-29T06:48:14.930Z - info: 1. designFundamentals/index
2021-06-29T06:48:15.952Z - info: Rebuilding 1 pages
2021-06-29T06:48:16.909Z - info: Site data built
2021-06-29T06:48:16.910Z - info: Pages rebuilt
2021-06-29T06:48:16.911Z - info: Website regeneration complete! Total build time: 0.961s
2021-06-29T06:49:18.183Z - info: [2:49:18 pm] Reload for file change: C:\repos\nus-cs2103\cs2103-website-base\book\_markbind\boilerplates\container-inParent-asPanel.md
2021-06-29T06:49:18.184Z - info: Synchronizing opened pages list before reload
2021-06-29T06:49:18.184Z - info: Current opened pages, from most-to-least recent:
2021-06-29T06:49:18.185Z - info: 1. designFundamentals/index
2021-06-29T06:49:19.198Z - info: Rebuilding 1 pages
2021-06-29T06:49:19.889Z - info: Site data built
2021-06-29T06:49:19.889Z - info: Pages rebuilt
2021-06-29T06:49:19.890Z - info: Website regeneration complete! Total build time: 0.692s
2021-06-29T06:51:20.987Z - info: [2:51:20 pm] Reload for file change: C:\repos\nus-cs2103\cs2103-website-base\book\_markbind\boilerplates\container-inParent-asPanel.md
2021-06-29T06:51:20.987Z - info: Synchronizing opened pages list before reload
2021-06-29T06:51:20.988Z - info: Current opened pages, from most-to-least recent:
2021-06-29T06:51:20.988Z - info: 1. designFundamentals/index
2021-06-29T06:51:21.998Z - info: Rebuilding 1 pages
2021-06-29T06:51:22.884Z - info: Site data built
2021-06-29T06:51:22.885Z - info: Pages rebuilt
2021-06-29T06:51:22.885Z - info: Website regeneration complete! Total build time: 0.888s
2021-06-29T07:35:18.189Z - info: Website generation (lazy) started at 3:35:13 pm
2021-06-29T07:35:35.085Z - info: Building assets...
2021-06-29T07:35:43.899Z - info: Assets built
2021-06-29T07:35:43.899Z - info: Generating landing page...
2021-06-29T07:35:44.215Z - info: Landing page built, other pages will be built as you navigate to them!
2021-06-29T07:35:45.043Z - info: Site data built
2021-06-29T07:35:45.043Z - info: Website generation (lazy) complete! Total build time: 31.728s
2021-06-29T07:35:45.819Z - info: Serving "C:\repos\nus-cs2103\cs2103-website-base\book\_site" at http://127.0.0.1:8080
2021-06-29T07:35:45.819Z - info: Press CTRL+C to stop ...
2021-06-29T07:38:19.677Z - info: Building C:\repos\nus-cs2103\cs2103-website-base\book\design\index as some of its dependencies were changed since the last visit
2021-06-29T07:38:19.899Z - info: Site data built
2021-06-29T07:38:19.899Z - info: Lazy website regeneration complete! Total build time: 0.224s
2021-06-29T07:38:41.528Z - info: Building C:\repos\nus-cs2103\cs2103-website-base\book\designFundamentals\index as some of its dependencies were changed since the last visit
2021-06-29T07:38:42.003Z - info: Site data built
2021-06-29T07:38:42.004Z - info: Lazy website regeneration complete! Total build time: 0.476s
2021-06-29T07:38:51.389Z - info: [3:38:51 pm] Reload for file change: C:\repos\nus-cs2103\cs2103-website-base\book\_markbind\boilerplates\container-inParent-asPanel.md
2021-06-29T07:38:51.389Z - info: Synchronizing opened pages list before reload
2021-06-29T07:38:51.389Z - info: Current opened pages, from most-to-least recent:
2021-06-29T07:38:51.389Z - info: 1. designFundamentals/index
2021-06-29T07:38:52.394Z - info: Rebuilding 1 pages
2021-06-29T07:38:52.719Z - info: Site data built
2021-06-29T07:38:52.719Z - info: Pages rebuilt
2021-06-29T07:38:52.719Z - info: Website regeneration complete! Total build time: 0.326s
2021-06-29T07:39:10.339Z - info: [3:39:10 pm] Reload for file change: C:\repos\nus-cs2103\cs2103-website-base\book\_markbind\boilerplates\container-inParent-asPanel.md
2021-06-29T07:39:10.339Z - info: Synchronizing opened pages list before reload
2021-06-29T07:39:10.339Z - info: Current opened pages, from most-to-least recent:
2021-06-29T07:39:10.339Z - info: 1. designFundamentals/index
2021-06-29T07:39:11.350Z - info: Rebuilding 1 pages
2021-06-29T07:39:11.721Z - info: Site data built
2021-06-29T07:39:11.721Z - info: Pages rebuilt
2021-06-29T07:39:11.721Z - info: Website regeneration complete! Total build time: 0.372s
2021-06-29T07:39:22.374Z - info: [3:39:22 pm] Reload for file change: C:\repos\nus-cs2103\cs2103-website-base\book\_markbind\boilerplates\container-inParent-asPanel.md
2021-06-29T07:39:22.374Z - info: Synchronizing opened pages list before reload
2021-06-29T07:39:22.374Z - info: Current opened pages, from most-to-least recent:
2021-06-29T07:39:22.374Z - info: 1. designFundamentals/index
2021-06-29T07:39:23.379Z - info: Rebuilding 1 pages
2021-06-29T07:39:23.680Z - info: Site data built
2021-06-29T07:39:23.680Z - info: Pages rebuilt
2021-06-29T07:39:23.680Z - info: Website regeneration complete! Total build time: 0.302s
