2025-06-26T16:50:16.775Z - info: Website generation started at 00:50:16
2025-06-26T16:50:17.088Z - info: Building assets...
2025-06-26T16:50:17.278Z - info: Assets built
2025-06-26T16:50:17.278Z - info: Generating pages...
2025-06-26T16:50:21.349Z - debug:  
2025-06-26T16:50:22.265Z - debug:  
2025-06-26T16:50:22.265Z - debug:  
2025-06-26T16:50:22.265Z - debug:  
2025-06-26T16:50:22.265Z - debug:  
2025-06-26T16:50:22.265Z - debug:  
2025-06-26T16:50:22.265Z - debug:  
2025-06-26T16:50:22.265Z - debug:  
2025-06-26T16:50:22.265Z - debug:  
2025-06-26T16:50:22.266Z - debug:  
2025-06-26T16:50:22.266Z - debug:  
2025-06-26T16:50:22.266Z - debug:  
2025-06-26T16:50:22.266Z - debug:  
2025-06-26T16:50:22.266Z - debug:  
2025-06-26T16:50:22.266Z - debug:  
2025-06-26T16:50:22.266Z - debug:  
2025-06-26T16:50:22.362Z - debug:  
2025-06-26T16:50:22.368Z - debug:  
2025-06-26T16:50:34.946Z - warn: Empty reference in /Users/damithch/Repos/nus-cs2103/cs2103-website-base/book/gitAndGithub/trail/recordingFolderHistory/unit-inElsewhere-asFlat.md:
Segment '#title' in file: /Users/damithch/Repos/nus-cs2103/cs2103-website-base/book/gitAndGithub/trail/recordingFolderHistory/text.md is empty
2025-06-26T16:50:34.987Z - warn: Empty reference in /Users/damithch/Repos/nus-cs2103/cs2103-website-base/book/gitAndGithub/trail/container-inPage-asFlat.md:
Segment '#title' in file: /Users/damithch/Repos/nus-cs2103/cs2103-website-base/book/gitAndGithub/trail/text.md is empty
2025-06-26T16:50:40.847Z - warn: You might have an invalid intra-link! Ignore this warning if it was intended.
'/se-book/uml/sequenceDiagrams/basic/images\filled-arrowhead.png' found in file '/Users/damithch/Repos/nus-cs2103/cs2103-website-base/book/uml/sequenceDiagrams/basic/text.md'
2025-06-26T16:50:40.848Z - warn: You might have an invalid intra-link! Ignore this warning if it was intended.
'/se-book/uml/sequenceDiagrams/basic/images\lined-arrowhead.png' found in file '/Users/damithch/Repos/nus-cs2103/cs2103-website-base/book/uml/sequenceDiagrams/basic/text.md'
2025-06-26T16:50:40.856Z - info: Pages built
2025-06-26T16:50:40.922Z - info: Site data built
2025-06-26T16:50:40.922Z - info: Website generation complete! Total build time: 24.189s
2025-06-26T16:50:40.922Z - info: Build success!
2025-06-26T16:50:58.545Z - info: Website generation started at 00:50:58
2025-06-26T16:50:59.104Z - info: Building assets...
2025-06-26T16:50:59.322Z - info: Assets built
2025-06-26T16:50:59.322Z - info: Generating pages...
2025-06-26T16:51:01.162Z - warn: Empty reference in /Users/damithch/Repos/nus-cs2103/cs2103-website-base/book/gitAndGithub/commit/unit-inElsewhere-asFlat.md:
Segment '#title' in file: /Users/damithch/Repos/nus-cs2103/cs2103-website-base/book/gitAndGithub/commit/text.md is empty
2025-06-26T16:51:02.294Z - debug:  
2025-06-26T16:51:03.457Z - debug:  
2025-06-26T16:51:03.457Z - debug:  
2025-06-26T16:51:04.615Z - debug:  
2025-06-26T16:51:04.615Z - debug:  
2025-06-26T16:51:04.615Z - debug:  
2025-06-26T16:51:04.615Z - debug:  
2025-06-26T16:51:04.615Z - debug:  
2025-06-26T16:51:04.615Z - debug:  
2025-06-26T16:51:04.615Z - debug:  
2025-06-26T16:51:04.615Z - debug:  
2025-06-26T16:51:04.615Z - debug:  
2025-06-26T16:51:04.615Z - debug:  
2025-06-26T16:51:04.615Z - debug:  
2025-06-26T16:51:04.615Z - debug:  
2025-06-26T16:51:04.615Z - debug:  
2025-06-26T16:51:04.734Z - debug:  
2025-06-26T16:51:04.735Z - debug:  
2025-06-26T16:51:05.956Z - warn: Empty reference in /Users/damithch/Repos/nus-cs2103/cs2103-website-base/book/gitAndGithub/commit/unit-inParent-asFlat-print.md:
Segment '#title' in file: /Users/damithch/Repos/nus-cs2103/cs2103-website-base/book/gitAndGithub/commit/text.md is empty
2025-06-26T16:51:06.919Z - warn: Empty reference in /Users/damithch/Repos/nus-cs2103/cs2103-website-base/book/gitAndGithub/commit/unit-inParent-asFlat-print.md:
Segment '#title' in file: /Users/damithch/Repos/nus-cs2103/cs2103-website-base/book/gitAndGithub/commit/text.md is empty
2025-06-26T16:51:17.195Z - warn: Empty reference in /Users/damithch/Repos/nus-cs2103/cs2103-website-base/book/gitAndGithub/trail/container-inPage-asFlat.md:
Segment '#title' in file: /Users/damithch/Repos/nus-cs2103/cs2103-website-base/book/gitAndGithub/trail/text.md is empty
2025-06-26T16:51:17.509Z - warn: Empty reference in /Users/damithch/Repos/nus-cs2103/cs2103-website-base/book/gitAndGithub/pushTag/unit-inElsewhere-asFlat.md:
Segment '#title' in file: /Users/damithch/Repos/nus-cs2103/cs2103-website-base/book/gitAndGithub/pushTag/text.md is empty
2025-06-26T16:51:17.601Z - warn: Empty reference in /Users/damithch/Repos/nus-cs2103/cs2103-website-base/book/gitAndGithub/intro/unit-inElsewhere-asFlat.md:
Segment '#title' in file: /Users/damithch/Repos/nus-cs2103/cs2103-website-base/book/gitAndGithub/intro/text.md is empty
2025-06-26T16:51:17.652Z - warn: Empty reference in /Users/damithch/Repos/nus-cs2103/cs2103-website-base/book/gitAndGithub/commit/unit-inParent-asPanel.md:
Segment '#title' in file: /Users/damithch/Repos/nus-cs2103/cs2103-website-base/book/gitAndGithub/commit/text.md is empty
2025-06-26T16:51:17.977Z - warn: Empty reference in /Users/damithch/Repos/nus-cs2103/cs2103-website-base/book/gitAndGithub/commit/unit-inElsewhere-asFlat.md:
Segment '#title' in file: /Users/damithch/Repos/nus-cs2103/cs2103-website-base/book/gitAndGithub/commit/text.md is empty
2025-06-26T16:51:23.192Z - warn: You might have an invalid intra-link! Ignore this warning if it was intended.
'/se-book/uml/sequenceDiagrams/basic/images\filled-arrowhead.png' found in file '/Users/damithch/Repos/nus-cs2103/cs2103-website-base/book/uml/sequenceDiagrams/basic/text.md'
2025-06-26T16:51:23.192Z - warn: You might have an invalid intra-link! Ignore this warning if it was intended.
'/se-book/uml/sequenceDiagrams/basic/images\lined-arrowhead.png' found in file '/Users/damithch/Repos/nus-cs2103/cs2103-website-base/book/uml/sequenceDiagrams/basic/text.md'
2025-06-26T16:51:23.201Z - info: Pages built
2025-06-26T16:51:23.269Z - info: Site data built
2025-06-26T16:51:23.269Z - info: Website generation complete! Total build time: 25.008s
2025-06-26T16:51:23.269Z - info: Build success!
2025-06-26T16:53:54.839Z - info: Website generation started at 00:53:54
2025-06-26T16:53:55.153Z - info: Building assets...
2025-06-26T16:53:55.351Z - info: Assets built
2025-06-26T16:53:55.351Z - info: Generating pages...
2025-06-26T16:53:57.014Z - warn: popover has a header slot, 'header' attribute has no effect.
2025-06-26T16:53:57.241Z - warn: Empty reference in /Users/damithch/Repos/nus-cs2103/cs2103-website-base/book/gitAndGithub/fork/unit-inElsewhere-asFlat.md:
Segment '#title' in file: /Users/damithch/Repos/nus-cs2103/cs2103-website-base/book/gitAndGithub/fork/text.md is empty
2025-06-26T16:53:58.122Z - debug:  
2025-06-26T16:54:00.951Z - debug:  
2025-06-26T16:54:00.951Z - debug:  
2025-06-26T16:54:00.951Z - debug:  
2025-06-26T16:54:00.951Z - debug:  
2025-06-26T16:54:00.952Z - debug:  
2025-06-26T16:54:00.952Z - debug:  
2025-06-26T16:54:00.952Z - debug:  
2025-06-26T16:54:00.952Z - debug:  
2025-06-26T16:54:00.952Z - debug:  
2025-06-26T16:54:00.952Z - debug:  
2025-06-26T16:54:00.952Z - debug:  
2025-06-26T16:54:00.952Z - debug:  
2025-06-26T16:54:00.952Z - debug:  
2025-06-26T16:54:00.952Z - debug:  
2025-06-26T16:54:00.952Z - debug:  
2025-06-26T16:54:00.952Z - debug:  
2025-06-26T16:54:00.952Z - debug:  
2025-06-26T16:54:02.176Z - warn: popover has a header slot, 'header' attribute has no effect.
2025-06-26T16:54:03.275Z - warn: popover has a header slot, 'header' attribute has no effect.
2025-06-26T16:54:11.958Z - error: No such file: /Users/damithch/Repos/nus-cs2103/cs2103-website-base/book/gitAndGithub/trail/undefined/text.md
Missing reference in /Users/damithch/Repos/nus-cs2103/cs2103-website-base/book/gitAndGithub/trail/workingWithRemotes/text.md
2025-06-26T16:54:11.958Z - error: No such file: /Users/damithch/Repos/nus-cs2103/cs2103-website-base/book/gitAndGithub/trail/undefined/text.md
Missing reference in /Users/damithch/Repos/nus-cs2103/cs2103-website-base/book/gitAndGithub/trail/workingWithRemotes/text.md
2025-06-26T16:54:11.958Z - error: No such file: /Users/damithch/Repos/nus-cs2103/cs2103-website-base/book/gitAndGithub/trail/undefined/text.md
Missing reference in /Users/damithch/Repos/nus-cs2103/cs2103-website-base/book/gitAndGithub/trail/workingWithRemotes/text.md
2025-06-26T16:54:11.958Z - error: No such file: /Users/damithch/Repos/nus-cs2103/cs2103-website-base/book/gitAndGithub/trail/undefined/text.md
Missing reference in /Users/damithch/Repos/nus-cs2103/cs2103-website-base/book/gitAndGithub/trail/workingWithRemotes/text.md
2025-06-26T16:54:12.020Z - warn: popover has a header slot, 'header' attribute has no effect.
2025-06-26T16:54:12.025Z - warn: popover has a header slot, 'header' attribute has no effect.
2025-06-26T16:54:12.065Z - warn: Empty reference in /Users/damithch/Repos/nus-cs2103/cs2103-website-base/book/gitAndGithub/trail/container-inPage-asFlat.md:
Segment '#title' in file: /Users/damithch/Repos/nus-cs2103/cs2103-website-base/book/gitAndGithub/trail/text.md is empty
2025-06-26T16:54:12.161Z - warn: popover has a header slot, 'header' attribute has no effect.
2025-06-26T16:54:12.298Z - warn: Empty reference in /Users/damithch/Repos/nus-cs2103/cs2103-website-base/book/gitAndGithub/intro/unit-inElsewhere-asFlat.md:
Segment '#title' in file: /Users/damithch/Repos/nus-cs2103/cs2103-website-base/book/gitAndGithub/intro/text.md is empty
2025-06-26T16:54:12.313Z - warn: popover has a header slot, 'header' attribute has no effect.
2025-06-26T16:54:12.332Z - warn: popover has a header slot, 'header' attribute has no effect.
2025-06-26T16:54:12.571Z - warn: Empty reference in /Users/damithch/Repos/nus-cs2103/cs2103-website-base/book/gitAndGithub/fork/unit-inElsewhere-asFlat.md:
Segment '#title' in file: /Users/damithch/Repos/nus-cs2103/cs2103-website-base/book/gitAndGithub/fork/text.md is empty
2025-06-26T16:54:18.906Z - warn: You might have an invalid intra-link! Ignore this warning if it was intended.
'/se-book/uml/sequenceDiagrams/basic/images\filled-arrowhead.png' found in file '/Users/damithch/Repos/nus-cs2103/cs2103-website-base/book/uml/sequenceDiagrams/basic/text.md'
2025-06-26T16:54:18.906Z - warn: You might have an invalid intra-link! Ignore this warning if it was intended.
'/se-book/uml/sequenceDiagrams/basic/images\lined-arrowhead.png' found in file '/Users/damithch/Repos/nus-cs2103/cs2103-website-base/book/uml/sequenceDiagrams/basic/text.md'
2025-06-26T16:54:18.907Z - warn: You might have an invalid intra-link! Ignore this warning if it was intended.
'/se-book/gitAndGithub/pull/images/sourcetree_3.png' found in file '/Users/damithch/Repos/nus-cs2103/cs2103-website-base/book/gitAndGithub/pull/sourcetree_2.md'
2025-06-26T16:54:18.913Z - info: Pages built
2025-06-26T16:54:18.989Z - info: Site data built
2025-06-26T16:54:18.989Z - info: Website generation complete! Total build time: 24.482s
2025-06-26T16:54:18.989Z - info: Build success!
2025-06-26T16:54:37.246Z - info: Website generation started at 00:54:37
2025-06-26T16:54:37.563Z - info: Building assets...
2025-06-26T16:54:37.759Z - info: Assets built
2025-06-26T16:54:37.759Z - info: Generating pages...
2025-06-26T16:54:39.472Z - warn: Empty reference in /Users/damithch/Repos/nus-cs2103/cs2103-website-base/book/gitAndGithub/commit/unit-inElsewhere-asFlat.md:
Segment '#title' in file: /Users/damithch/Repos/nus-cs2103/cs2103-website-base/book/gitAndGithub/commit/text.md is empty
2025-06-26T16:54:40.679Z - debug:  
2025-06-26T16:54:41.770Z - debug:  
2025-06-26T16:54:42.825Z - debug:  
2025-06-26T16:54:42.825Z - debug:  
2025-06-26T16:54:42.825Z - debug:  
2025-06-26T16:54:42.825Z - debug:  
2025-06-26T16:54:42.825Z - debug:  
2025-06-26T16:54:42.825Z - debug:  
2025-06-26T16:54:42.826Z - debug:  
2025-06-26T16:54:42.826Z - debug:  
2025-06-26T16:54:42.826Z - debug:  
2025-06-26T16:54:42.826Z - debug:  
2025-06-26T16:54:42.826Z - debug:  
2025-06-26T16:54:42.826Z - debug:  
2025-06-26T16:54:42.826Z - debug:  
2025-06-26T16:54:42.826Z - debug:  
2025-06-26T16:54:42.970Z - debug:  
2025-06-26T16:54:42.970Z - debug:  
2025-06-26T16:54:44.123Z - warn: Empty reference in /Users/damithch/Repos/nus-cs2103/cs2103-website-base/book/gitAndGithub/commit/unit-inParent-asFlat-print.md:
Segment '#title' in file: /Users/damithch/Repos/nus-cs2103/cs2103-website-base/book/gitAndGithub/commit/text.md is empty
2025-06-26T16:54:45.336Z - warn: Empty reference in /Users/damithch/Repos/nus-cs2103/cs2103-website-base/book/gitAndGithub/commit/unit-inParent-asFlat-print.md:
Segment '#title' in file: /Users/damithch/Repos/nus-cs2103/cs2103-website-base/book/gitAndGithub/commit/text.md is empty
2025-06-26T16:54:54.426Z - warn: Empty reference in /Users/damithch/Repos/nus-cs2103/cs2103-website-base/book/gitAndGithub/trail/container-inPage-asFlat.md:
Segment '#title' in file: /Users/damithch/Repos/nus-cs2103/cs2103-website-base/book/gitAndGithub/trail/text.md is empty
2025-06-26T16:54:54.727Z - warn: Empty reference in /Users/damithch/Repos/nus-cs2103/cs2103-website-base/book/gitAndGithub/pushTag/unit-inElsewhere-asFlat.md:
Segment '#title' in file: /Users/damithch/Repos/nus-cs2103/cs2103-website-base/book/gitAndGithub/pushTag/text.md is empty
2025-06-26T16:54:54.815Z - warn: Empty reference in /Users/damithch/Repos/nus-cs2103/cs2103-website-base/book/gitAndGithub/intro/unit-inElsewhere-asFlat.md:
Segment '#title' in file: /Users/damithch/Repos/nus-cs2103/cs2103-website-base/book/gitAndGithub/intro/text.md is empty
2025-06-26T16:54:54.861Z - warn: Empty reference in /Users/damithch/Repos/nus-cs2103/cs2103-website-base/book/gitAndGithub/commit/unit-inParent-asPanel.md:
Segment '#title' in file: /Users/damithch/Repos/nus-cs2103/cs2103-website-base/book/gitAndGithub/commit/text.md is empty
2025-06-26T16:54:55.167Z - warn: Empty reference in /Users/damithch/Repos/nus-cs2103/cs2103-website-base/book/gitAndGithub/commit/unit-inElsewhere-asFlat.md:
Segment '#title' in file: /Users/damithch/Repos/nus-cs2103/cs2103-website-base/book/gitAndGithub/commit/text.md is empty
2025-06-26T16:55:00.568Z - warn: You might have an invalid intra-link! Ignore this warning if it was intended.
'/se-book/uml/sequenceDiagrams/basic/images\filled-arrowhead.png' found in file '/Users/damithch/Repos/nus-cs2103/cs2103-website-base/book/uml/sequenceDiagrams/basic/text.md'
2025-06-26T16:55:00.568Z - warn: You might have an invalid intra-link! Ignore this warning if it was intended.
'/se-book/uml/sequenceDiagrams/basic/images\lined-arrowhead.png' found in file '/Users/damithch/Repos/nus-cs2103/cs2103-website-base/book/uml/sequenceDiagrams/basic/text.md'
2025-06-26T16:55:00.569Z - warn: You might have an invalid intra-link! Ignore this warning if it was intended.
'/se-book/gitAndGithub/pull/images/sourcetree_3.png' found in file '/Users/damithch/Repos/nus-cs2103/cs2103-website-base/book/gitAndGithub/pull/sourcetree_2.md'
2025-06-26T16:55:00.577Z - info: Pages built
2025-06-26T16:55:00.716Z - info: Site data built
2025-06-26T16:55:00.716Z - info: Website generation complete! Total build time: 23.698s
2025-06-26T16:55:00.716Z - info: Build success!
2025-06-26T16:55:36.273Z - info: Website generation started at 00:55:36
2025-06-26T16:55:36.605Z - info: Building assets...
2025-06-26T16:55:36.800Z - info: Assets built
2025-06-26T16:55:36.800Z - info: Generating pages...
2025-06-26T16:55:38.410Z - warn: Empty reference in /Users/damithch/Repos/nus-cs2103/cs2103-website-base/book/gitAndGithub/commit/unit-inElsewhere-asFlat.md:
Segment '#title' in file: /Users/damithch/Repos/nus-cs2103/cs2103-website-base/book/gitAndGithub/commit/text.md is empty
2025-06-26T16:55:39.756Z - debug:  
2025-06-26T16:55:41.081Z - debug:  
2025-06-26T16:55:41.983Z - debug:  
2025-06-26T16:55:41.983Z - debug:  
2025-06-26T16:55:41.983Z - debug:  
2025-06-26T16:55:41.983Z - debug:  
2025-06-26T16:55:41.983Z - debug:  
2025-06-26T16:55:41.983Z - debug:  
2025-06-26T16:55:41.983Z - debug:  
2025-06-26T16:55:41.983Z - debug:  
2025-06-26T16:55:41.983Z - debug:  
2025-06-26T16:55:41.983Z - debug:  
2025-06-26T16:55:41.983Z - debug:  
2025-06-26T16:55:41.983Z - debug:  
2025-06-26T16:55:41.983Z - debug:  
2025-06-26T16:55:41.984Z - debug:  
2025-06-26T16:55:42.048Z - debug:  
2025-06-26T16:55:42.052Z - debug:  
2025-06-26T16:55:43.205Z - warn: Empty reference in /Users/damithch/Repos/nus-cs2103/cs2103-website-base/book/gitAndGithub/commit/unit-inParent-asFlat-print.md:
Segment '#title' in file: /Users/damithch/Repos/nus-cs2103/cs2103-website-base/book/gitAndGithub/commit/text.md is empty
2025-06-26T16:55:44.300Z - warn: Empty reference in /Users/damithch/Repos/nus-cs2103/cs2103-website-base/book/gitAndGithub/commit/unit-inParent-asFlat-print.md:
Segment '#title' in file: /Users/damithch/Repos/nus-cs2103/cs2103-website-base/book/gitAndGithub/commit/text.md is empty
2025-06-26T16:55:53.524Z - warn: Empty reference in /Users/damithch/Repos/nus-cs2103/cs2103-website-base/book/gitAndGithub/trail/container-inPage-asFlat.md:
Segment '#title' in file: /Users/damithch/Repos/nus-cs2103/cs2103-website-base/book/gitAndGithub/trail/text.md is empty
2025-06-26T16:55:53.850Z - warn: Empty reference in /Users/damithch/Repos/nus-cs2103/cs2103-website-base/book/gitAndGithub/pushTag/unit-inElsewhere-asFlat.md:
Segment '#title' in file: /Users/damithch/Repos/nus-cs2103/cs2103-website-base/book/gitAndGithub/pushTag/text.md is empty
2025-06-26T16:55:53.954Z - warn: Empty reference in /Users/damithch/Repos/nus-cs2103/cs2103-website-base/book/gitAndGithub/intro/unit-inElsewhere-asFlat.md:
Segment '#title' in file: /Users/damithch/Repos/nus-cs2103/cs2103-website-base/book/gitAndGithub/intro/text.md is empty
2025-06-26T16:55:54.007Z - warn: Empty reference in /Users/damithch/Repos/nus-cs2103/cs2103-website-base/book/gitAndGithub/commit/unit-inParent-asPanel.md:
Segment '#title' in file: /Users/damithch/Repos/nus-cs2103/cs2103-website-base/book/gitAndGithub/commit/text.md is empty
2025-06-26T16:55:54.326Z - warn: Empty reference in /Users/damithch/Repos/nus-cs2103/cs2103-website-base/book/gitAndGithub/commit/unit-inElsewhere-asFlat.md:
Segment '#title' in file: /Users/damithch/Repos/nus-cs2103/cs2103-website-base/book/gitAndGithub/commit/text.md is empty
2025-06-26T16:55:59.503Z - warn: You might have an invalid intra-link! Ignore this warning if it was intended.
'/se-book/uml/sequenceDiagrams/basic/images\filled-arrowhead.png' found in file '/Users/damithch/Repos/nus-cs2103/cs2103-website-base/book/uml/sequenceDiagrams/basic/text.md'
2025-06-26T16:55:59.503Z - warn: You might have an invalid intra-link! Ignore this warning if it was intended.
'/se-book/uml/sequenceDiagrams/basic/images\lined-arrowhead.png' found in file '/Users/damithch/Repos/nus-cs2103/cs2103-website-base/book/uml/sequenceDiagrams/basic/text.md'
2025-06-26T16:55:59.510Z - info: Pages built
2025-06-26T16:55:59.573Z - info: Site data built
2025-06-26T16:55:59.573Z - info: Website generation complete! Total build time: 23.535s
2025-06-26T16:55:59.573Z - info: Build success!
2025-06-26T16:56:13.460Z - info: Website generation started at 00:56:13
2025-06-26T16:56:13.782Z - info: Building assets...
2025-06-26T16:56:13.978Z - info: Assets built
2025-06-26T16:56:13.978Z - info: Generating pages...
2025-06-26T16:56:16.246Z - warn: Empty reference in /Users/damithch/Repos/nus-cs2103/cs2103-website-base/book/gitAndGithub/commit/unit-inElsewhere-asFlat.md:
Segment '#title' in file: /Users/damithch/Repos/nus-cs2103/cs2103-website-base/book/gitAndGithub/commit/text.md is empty
2025-06-26T16:56:18.312Z - debug:  
2025-06-26T16:56:18.312Z - debug:  
2025-06-26T16:56:18.312Z - debug:  
2025-06-26T16:56:19.811Z - debug:  
2025-06-26T16:56:19.811Z - debug:  
2025-06-26T16:56:19.811Z - debug:  
2025-06-26T16:56:19.811Z - debug:  
2025-06-26T16:56:19.811Z - debug:  
2025-06-26T16:56:19.811Z - debug:  
2025-06-26T16:56:19.811Z - debug:  
2025-06-26T16:56:19.811Z - debug:  
2025-06-26T16:56:19.811Z - debug:  
2025-06-26T16:56:19.811Z - debug:  
2025-06-26T16:56:19.811Z - debug:  
2025-06-26T16:56:19.811Z - debug:  
2025-06-26T16:56:19.811Z - debug:  
2025-06-26T16:56:19.811Z - debug:  
2025-06-26T16:56:19.811Z - debug:  
2025-06-26T16:56:20.931Z - warn: Empty reference in /Users/damithch/Repos/nus-cs2103/cs2103-website-base/book/gitAndGithub/commit/unit-inParent-asFlat-print.md:
Segment '#title' in file: /Users/damithch/Repos/nus-cs2103/cs2103-website-base/book/gitAndGithub/commit/text.md is empty
2025-06-26T16:56:22.025Z - warn: Empty reference in /Users/damithch/Repos/nus-cs2103/cs2103-website-base/book/gitAndGithub/commit/unit-inParent-asFlat-print.md:
Segment '#title' in file: /Users/damithch/Repos/nus-cs2103/cs2103-website-base/book/gitAndGithub/commit/text.md is empty
2025-06-26T16:56:31.448Z - warn: Empty reference in /Users/damithch/Repos/nus-cs2103/cs2103-website-base/book/gitAndGithub/trail/container-inPage-asFlat.md:
Segment '#title' in file: /Users/damithch/Repos/nus-cs2103/cs2103-website-base/book/gitAndGithub/trail/text.md is empty
2025-06-26T16:56:31.987Z - warn: Empty reference in /Users/damithch/Repos/nus-cs2103/cs2103-website-base/book/gitAndGithub/pushTag/unit-inElsewhere-asFlat.md:
Segment '#title' in file: /Users/damithch/Repos/nus-cs2103/cs2103-website-base/book/gitAndGithub/pushTag/text.md is empty
2025-06-26T16:56:32.135Z - warn: Empty reference in /Users/damithch/Repos/nus-cs2103/cs2103-website-base/book/gitAndGithub/intro/unit-inElsewhere-asFlat.md:
Segment '#title' in file: /Users/damithch/Repos/nus-cs2103/cs2103-website-base/book/gitAndGithub/intro/text.md is empty
2025-06-26T16:56:32.223Z - warn: Empty reference in /Users/damithch/Repos/nus-cs2103/cs2103-website-base/book/gitAndGithub/commit/unit-inParent-asPanel.md:
Segment '#title' in file: /Users/damithch/Repos/nus-cs2103/cs2103-website-base/book/gitAndGithub/commit/text.md is empty
2025-06-26T16:56:32.760Z - warn: Empty reference in /Users/damithch/Repos/nus-cs2103/cs2103-website-base/book/gitAndGithub/commit/unit-inElsewhere-asFlat.md:
Segment '#title' in file: /Users/damithch/Repos/nus-cs2103/cs2103-website-base/book/gitAndGithub/commit/text.md is empty
2025-06-26T16:56:38.089Z - warn: You might have an invalid intra-link! Ignore this warning if it was intended.
'/se-book/uml/sequenceDiagrams/basic/images\filled-arrowhead.png' found in file '/Users/damithch/Repos/nus-cs2103/cs2103-website-base/book/uml/sequenceDiagrams/basic/text.md'
2025-06-26T16:56:38.089Z - warn: You might have an invalid intra-link! Ignore this warning if it was intended.
'/se-book/uml/sequenceDiagrams/basic/images\lined-arrowhead.png' found in file '/Users/damithch/Repos/nus-cs2103/cs2103-website-base/book/uml/sequenceDiagrams/basic/text.md'
2025-06-26T16:56:38.090Z - warn: You might have an invalid intra-link! Ignore this warning if it was intended.
'/se-book/gitAndGithub/pull/images/sourcetree_3.png' found in file '/Users/damithch/Repos/nus-cs2103/cs2103-website-base/book/gitAndGithub/pull/sourcetree_2.md'
2025-06-26T16:56:38.096Z - info: Pages built
2025-06-26T16:56:38.162Z - info: Site data built
2025-06-26T16:56:38.162Z - info: Website generation complete! Total build time: 24.925s
2025-06-26T16:56:38.162Z - info: Build success!
2025-06-26T16:59:23.359Z - info: Website generation started at 00:59:23
2025-06-26T16:59:23.683Z - info: Building assets...
2025-06-26T16:59:23.882Z - info: Assets built
2025-06-26T16:59:23.882Z - info: Generating pages...
2025-06-26T16:59:25.713Z - warn: Empty reference in /Users/damithch/Repos/nus-cs2103/cs2103-website-base/book/gitAndGithub/commit/unit-inElsewhere-asFlat.md:
Segment '#title' in file: /Users/damithch/Repos/nus-cs2103/cs2103-website-base/book/gitAndGithub/commit/text.md is empty
2025-06-26T16:59:26.714Z - debug:  
2025-06-26T16:59:27.581Z - debug:  
2025-06-26T16:59:27.581Z - debug:  
2025-06-26T16:59:28.861Z - debug:  
2025-06-26T16:59:28.861Z - debug:  
2025-06-26T16:59:28.861Z - debug:  
2025-06-26T16:59:28.862Z - debug:  
2025-06-26T16:59:28.862Z - debug:  
2025-06-26T16:59:28.862Z - debug:  
2025-06-26T16:59:28.862Z - debug:  
2025-06-26T16:59:28.862Z - debug:  
2025-06-26T16:59:28.862Z - debug:  
2025-06-26T16:59:28.862Z - debug:  
2025-06-26T16:59:28.862Z - debug:  
2025-06-26T16:59:28.862Z - debug:  
2025-06-26T16:59:28.862Z - debug:  
2025-06-26T16:59:29.023Z - debug:  
2025-06-26T16:59:29.023Z - debug:  
2025-06-26T16:59:30.175Z - warn: Empty reference in /Users/damithch/Repos/nus-cs2103/cs2103-website-base/book/gitAndGithub/commit/unit-inParent-asFlat-print.md:
Segment '#title' in file: /Users/damithch/Repos/nus-cs2103/cs2103-website-base/book/gitAndGithub/commit/text.md is empty
2025-06-26T16:59:31.275Z - warn: Empty reference in /Users/damithch/Repos/nus-cs2103/cs2103-website-base/book/gitAndGithub/commit/unit-inParent-asFlat-print.md:
Segment '#title' in file: /Users/damithch/Repos/nus-cs2103/cs2103-website-base/book/gitAndGithub/commit/text.md is empty
2025-06-26T16:59:41.017Z - warn: Empty reference in /Users/damithch/Repos/nus-cs2103/cs2103-website-base/book/gitAndGithub/trail/container-inPage-asFlat.md:
Segment '#title' in file: /Users/damithch/Repos/nus-cs2103/cs2103-website-base/book/gitAndGithub/trail/text.md is empty
2025-06-26T16:59:41.323Z - warn: Empty reference in /Users/damithch/Repos/nus-cs2103/cs2103-website-base/book/gitAndGithub/pushTag/unit-inElsewhere-asFlat.md:
Segment '#title' in file: /Users/damithch/Repos/nus-cs2103/cs2103-website-base/book/gitAndGithub/pushTag/text.md is empty
2025-06-26T16:59:41.418Z - warn: Empty reference in /Users/damithch/Repos/nus-cs2103/cs2103-website-base/book/gitAndGithub/intro/unit-inElsewhere-asFlat.md:
Segment '#title' in file: /Users/damithch/Repos/nus-cs2103/cs2103-website-base/book/gitAndGithub/intro/text.md is empty
2025-06-26T16:59:41.464Z - warn: Empty reference in /Users/damithch/Repos/nus-cs2103/cs2103-website-base/book/gitAndGithub/commit/unit-inParent-asPanel.md:
Segment '#title' in file: /Users/damithch/Repos/nus-cs2103/cs2103-website-base/book/gitAndGithub/commit/text.md is empty
2025-06-26T16:59:41.781Z - warn: Empty reference in /Users/damithch/Repos/nus-cs2103/cs2103-website-base/book/gitAndGithub/commit/unit-inElsewhere-asFlat.md:
Segment '#title' in file: /Users/damithch/Repos/nus-cs2103/cs2103-website-base/book/gitAndGithub/commit/text.md is empty
2025-06-26T16:59:46.919Z - warn: You might have an invalid intra-link! Ignore this warning if it was intended.
'/se-book/uml/sequenceDiagrams/basic/images\filled-arrowhead.png' found in file '/Users/damithch/Repos/nus-cs2103/cs2103-website-base/book/uml/sequenceDiagrams/basic/text.md'
2025-06-26T16:59:46.919Z - warn: You might have an invalid intra-link! Ignore this warning if it was intended.
'/se-book/uml/sequenceDiagrams/basic/images\lined-arrowhead.png' found in file '/Users/damithch/Repos/nus-cs2103/cs2103-website-base/book/uml/sequenceDiagrams/basic/text.md'
2025-06-26T16:59:46.928Z - info: Pages built
2025-06-26T16:59:46.994Z - info: Site data built
2025-06-26T16:59:46.994Z - info: Website generation complete! Total build time: 23.866s
2025-06-26T16:59:46.994Z - info: Build success!
2025-06-26T17:00:34.763Z - info: Website generation started at 01:00:34
2025-06-26T17:00:35.083Z - info: Building assets...
2025-06-26T17:00:35.277Z - info: Assets built
2025-06-26T17:00:35.277Z - info: Generating pages...
2025-06-26T17:00:36.966Z - warn: Empty reference in /Users/damithch/Repos/nus-cs2103/cs2103-website-base/book/gitAndGithub/commit/unit-inElsewhere-asFlat.md:
Segment '#title' in file: /Users/damithch/Repos/nus-cs2103/cs2103-website-base/book/gitAndGithub/commit/text.md is empty
2025-06-26T17:00:38.274Z - debug:  
2025-06-26T17:00:39.302Z - debug:  
2025-06-26T17:00:40.363Z - debug:  
2025-06-26T17:00:40.364Z - debug:  
2025-06-26T17:00:40.364Z - debug:  
2025-06-26T17:00:40.364Z - debug:  
2025-06-26T17:00:40.364Z - debug:  
2025-06-26T17:00:40.364Z - debug:  
2025-06-26T17:00:40.364Z - debug:  
2025-06-26T17:00:40.364Z - debug:  
2025-06-26T17:00:40.364Z - debug:  
2025-06-26T17:00:40.364Z - debug:  
2025-06-26T17:00:40.364Z - debug:  
2025-06-26T17:00:40.364Z - debug:  
2025-06-26T17:00:40.364Z - debug:  
2025-06-26T17:00:40.364Z - debug:  
2025-06-26T17:00:40.467Z - debug:  
2025-06-26T17:00:40.467Z - debug:  
2025-06-26T17:00:41.683Z - warn: Empty reference in /Users/damithch/Repos/nus-cs2103/cs2103-website-base/book/gitAndGithub/commit/unit-inParent-asFlat-print.md:
Segment '#title' in file: /Users/damithch/Repos/nus-cs2103/cs2103-website-base/book/gitAndGithub/commit/text.md is empty
2025-06-26T17:00:42.797Z - warn: Empty reference in /Users/damithch/Repos/nus-cs2103/cs2103-website-base/book/gitAndGithub/commit/unit-inParent-asFlat-print.md:
Segment '#title' in file: /Users/damithch/Repos/nus-cs2103/cs2103-website-base/book/gitAndGithub/commit/text.md is empty
2025-06-26T17:00:52.826Z - warn: Empty reference in /Users/damithch/Repos/nus-cs2103/cs2103-website-base/book/gitAndGithub/trail/container-inPage-asFlat.md:
Segment '#title' in file: /Users/damithch/Repos/nus-cs2103/cs2103-website-base/book/gitAndGithub/trail/text.md is empty
2025-06-26T17:00:53.168Z - warn: Empty reference in /Users/damithch/Repos/nus-cs2103/cs2103-website-base/book/gitAndGithub/pushTag/unit-inElsewhere-asFlat.md:
Segment '#title' in file: /Users/damithch/Repos/nus-cs2103/cs2103-website-base/book/gitAndGithub/pushTag/text.md is empty
2025-06-26T17:00:53.264Z - warn: Empty reference in /Users/damithch/Repos/nus-cs2103/cs2103-website-base/book/gitAndGithub/intro/unit-inElsewhere-asFlat.md:
Segment '#title' in file: /Users/damithch/Repos/nus-cs2103/cs2103-website-base/book/gitAndGithub/intro/text.md is empty
2025-06-26T17:00:53.319Z - warn: Empty reference in /Users/damithch/Repos/nus-cs2103/cs2103-website-base/book/gitAndGithub/commit/unit-inParent-asPanel.md:
Segment '#title' in file: /Users/damithch/Repos/nus-cs2103/cs2103-website-base/book/gitAndGithub/commit/text.md is empty
2025-06-26T17:00:53.635Z - warn: Empty reference in /Users/damithch/Repos/nus-cs2103/cs2103-website-base/book/gitAndGithub/commit/unit-inElsewhere-asFlat.md:
Segment '#title' in file: /Users/damithch/Repos/nus-cs2103/cs2103-website-base/book/gitAndGithub/commit/text.md is empty
2025-06-26T17:00:58.885Z - warn: You might have an invalid intra-link! Ignore this warning if it was intended.
'/se-book/uml/sequenceDiagrams/basic/images\filled-arrowhead.png' found in file '/Users/damithch/Repos/nus-cs2103/cs2103-website-base/book/uml/sequenceDiagrams/basic/text.md'
2025-06-26T17:00:58.885Z - warn: You might have an invalid intra-link! Ignore this warning if it was intended.
'/se-book/uml/sequenceDiagrams/basic/images\lined-arrowhead.png' found in file '/Users/damithch/Repos/nus-cs2103/cs2103-website-base/book/uml/sequenceDiagrams/basic/text.md'
2025-06-26T17:00:58.893Z - info: Pages built
2025-06-26T17:00:58.957Z - info: Site data built
2025-06-26T17:00:58.957Z - info: Website generation complete! Total build time: 24.434s
2025-06-26T17:00:58.957Z - info: Build success!
2025-06-26T17:02:29.322Z - info: Website generation started at 01:02:29
2025-06-26T17:02:29.645Z - info: Building assets...
2025-06-26T17:02:29.846Z - info: Assets built
2025-06-26T17:02:29.846Z - info: Generating pages...
2025-06-26T17:02:31.511Z - warn: Empty reference in /Users/damithch/Repos/nus-cs2103/cs2103-website-base/book/gitAndGithub/commit/unit-inElsewhere-asFlat.md:
Segment '#title' in file: /Users/damithch/Repos/nus-cs2103/cs2103-website-base/book/gitAndGithub/commit/text.md is empty
2025-06-26T17:02:32.811Z - debug:  
2025-06-26T17:02:33.873Z - debug:  
2025-06-26T17:02:34.833Z - debug:  
2025-06-26T17:02:34.833Z - debug:  
2025-06-26T17:02:34.833Z - debug:  
2025-06-26T17:02:34.833Z - debug:  
2025-06-26T17:02:34.834Z - debug:  
2025-06-26T17:02:34.834Z - debug:  
2025-06-26T17:02:34.834Z - debug:  
2025-06-26T17:02:34.834Z - debug:  
2025-06-26T17:02:34.834Z - debug:  
2025-06-26T17:02:34.834Z - debug:  
2025-06-26T17:02:34.834Z - debug:  
2025-06-26T17:02:34.834Z - debug:  
2025-06-26T17:02:34.834Z - debug:  
2025-06-26T17:02:34.834Z - debug:  
2025-06-26T17:02:34.892Z - debug:  
2025-06-26T17:02:34.893Z - debug:  
2025-06-26T17:02:36.045Z - warn: Empty reference in /Users/damithch/Repos/nus-cs2103/cs2103-website-base/book/gitAndGithub/commit/unit-inParent-asFlat-print.md:
Segment '#title' in file: /Users/damithch/Repos/nus-cs2103/cs2103-website-base/book/gitAndGithub/commit/text.md is empty
2025-06-26T17:02:37.007Z - warn: Empty reference in /Users/damithch/Repos/nus-cs2103/cs2103-website-base/book/gitAndGithub/commit/unit-inParent-asFlat-print.md:
Segment '#title' in file: /Users/damithch/Repos/nus-cs2103/cs2103-website-base/book/gitAndGithub/commit/text.md is empty
2025-06-26T17:02:47.449Z - warn: Empty reference in /Users/damithch/Repos/nus-cs2103/cs2103-website-base/book/gitAndGithub/pushTag/unit-inElsewhere-asFlat.md:
Segment '#title' in file: /Users/damithch/Repos/nus-cs2103/cs2103-website-base/book/gitAndGithub/pushTag/text.md is empty
2025-06-26T17:02:47.550Z - warn: Empty reference in /Users/damithch/Repos/nus-cs2103/cs2103-website-base/book/gitAndGithub/intro/unit-inElsewhere-asFlat.md:
Segment '#title' in file: /Users/damithch/Repos/nus-cs2103/cs2103-website-base/book/gitAndGithub/intro/text.md is empty
2025-06-26T17:02:47.599Z - warn: Empty reference in /Users/damithch/Repos/nus-cs2103/cs2103-website-base/book/gitAndGithub/commit/unit-inParent-asPanel.md:
Segment '#title' in file: /Users/damithch/Repos/nus-cs2103/cs2103-website-base/book/gitAndGithub/commit/text.md is empty
2025-06-26T17:02:47.937Z - warn: Empty reference in /Users/damithch/Repos/nus-cs2103/cs2103-website-base/book/gitAndGithub/commit/unit-inElsewhere-asFlat.md:
Segment '#title' in file: /Users/damithch/Repos/nus-cs2103/cs2103-website-base/book/gitAndGithub/commit/text.md is empty
2025-06-26T17:02:54.397Z - warn: You might have an invalid intra-link! Ignore this warning if it was intended.
'/se-book/uml/sequenceDiagrams/basic/images\filled-arrowhead.png' found in file '/Users/damithch/Repos/nus-cs2103/cs2103-website-base/book/uml/sequenceDiagrams/basic/text.md'
2025-06-26T17:02:54.397Z - warn: You might have an invalid intra-link! Ignore this warning if it was intended.
'/se-book/uml/sequenceDiagrams/basic/images\lined-arrowhead.png' found in file '/Users/damithch/Repos/nus-cs2103/cs2103-website-base/book/uml/sequenceDiagrams/basic/text.md'
2025-06-26T17:02:54.404Z - info: Pages built
2025-06-26T17:02:54.467Z - info: Site data built
2025-06-26T17:02:54.467Z - info: Website generation complete! Total build time: 25.377s
2025-06-26T17:02:54.467Z - info: Build success!
2025-06-26T17:03:35.452Z - info: Website generation started at 01:03:35
2025-06-26T17:03:35.769Z - info: Building assets...
2025-06-26T17:03:35.967Z - info: Assets built
2025-06-26T17:03:35.967Z - info: Generating pages...
2025-06-26T17:03:39.540Z - debug:  
2025-06-26T17:03:41.020Z - debug:  
2025-06-26T17:03:41.020Z - debug:  
2025-06-26T17:03:41.020Z - debug:  
2025-06-26T17:03:41.020Z - debug:  
2025-06-26T17:03:41.021Z - debug:  
2025-06-26T17:03:41.021Z - debug:  
2025-06-26T17:03:41.021Z - debug:  
2025-06-26T17:03:41.021Z - debug:  
2025-06-26T17:03:41.021Z - debug:  
2025-06-26T17:03:41.021Z - debug:  
2025-06-26T17:03:41.021Z - debug:  
2025-06-26T17:03:41.021Z - debug:  
2025-06-26T17:03:41.021Z - debug:  
2025-06-26T17:03:41.021Z - debug:  
2025-06-26T17:03:41.021Z - debug:  
2025-06-26T17:03:41.194Z - debug:  
2025-06-26T17:03:41.195Z - debug:  
2025-06-26T17:03:53.610Z - warn: Empty reference in /Users/damithch/Repos/nus-cs2103/cs2103-website-base/book/gitAndGithub/pushTag/unit-inElsewhere-asFlat.md:
Segment '#title' in file: /Users/damithch/Repos/nus-cs2103/cs2103-website-base/book/gitAndGithub/pushTag/text.md is empty
2025-06-26T17:03:53.705Z - warn: Empty reference in /Users/damithch/Repos/nus-cs2103/cs2103-website-base/book/gitAndGithub/intro/unit-inElsewhere-asFlat.md:
Segment '#title' in file: /Users/damithch/Repos/nus-cs2103/cs2103-website-base/book/gitAndGithub/intro/text.md is empty
2025-06-26T17:04:00.349Z - warn: You might have an invalid intra-link! Ignore this warning if it was intended.
'/se-book/uml/sequenceDiagrams/basic/images\filled-arrowhead.png' found in file '/Users/damithch/Repos/nus-cs2103/cs2103-website-base/book/uml/sequenceDiagrams/basic/text.md'
2025-06-26T17:04:00.349Z - warn: You might have an invalid intra-link! Ignore this warning if it was intended.
'/se-book/uml/sequenceDiagrams/basic/images\lined-arrowhead.png' found in file '/Users/damithch/Repos/nus-cs2103/cs2103-website-base/book/uml/sequenceDiagrams/basic/text.md'
2025-06-26T17:04:00.356Z - info: Pages built
2025-06-26T17:04:00.417Z - info: Site data built
2025-06-26T17:04:00.418Z - info: Website generation complete! Total build time: 25.202s
2025-06-26T17:04:00.418Z - info: Build success!
2025-06-26T17:05:21.800Z - info: Website generation started at 01:05:21
2025-06-26T17:05:22.146Z - info: Building assets...
2025-06-26T17:05:22.361Z - info: Assets built
2025-06-26T17:05:22.362Z - info: Generating pages...
2025-06-26T17:05:25.296Z - debug:  
2025-06-26T17:05:26.349Z - debug:  
2025-06-26T17:05:27.405Z - debug:  
2025-06-26T17:05:27.405Z - debug:  
2025-06-26T17:05:27.405Z - debug:  
2025-06-26T17:05:27.405Z - debug:  
2025-06-26T17:05:27.405Z - debug:  
2025-06-26T17:05:27.405Z - debug:  
2025-06-26T17:05:27.405Z - debug:  
2025-06-26T17:05:27.406Z - debug:  
2025-06-26T17:05:27.406Z - debug:  
2025-06-26T17:05:27.406Z - debug:  
2025-06-26T17:05:27.406Z - debug:  
2025-06-26T17:05:27.406Z - debug:  
2025-06-26T17:05:27.406Z - debug:  
2025-06-26T17:05:27.406Z - debug:  
2025-06-26T17:05:27.406Z - debug:  
2025-06-26T17:05:27.406Z - debug:  
2025-06-26T17:05:45.225Z - warn: You might have an invalid intra-link! Ignore this warning if it was intended.
'/se-book/uml/sequenceDiagrams/basic/images\filled-arrowhead.png' found in file '/Users/damithch/Repos/nus-cs2103/cs2103-website-base/book/uml/sequenceDiagrams/basic/text.md'
2025-06-26T17:05:45.226Z - warn: You might have an invalid intra-link! Ignore this warning if it was intended.
'/se-book/uml/sequenceDiagrams/basic/images\lined-arrowhead.png' found in file '/Users/damithch/Repos/nus-cs2103/cs2103-website-base/book/uml/sequenceDiagrams/basic/text.md'
2025-06-26T17:05:45.232Z - info: Pages built
2025-06-26T17:05:45.298Z - info: Site data built
2025-06-26T17:05:45.298Z - info: Website generation complete! Total build time: 23.757s
2025-06-26T17:05:45.298Z - info: Build success!
2025-06-26T17:07:39.880Z - info: Website generation started at 01:07:39
2025-06-26T17:07:40.260Z - info: Building assets...
2025-06-26T17:07:40.463Z - info: Assets built
2025-06-26T17:07:40.463Z - info: Generating pages...
2025-06-26T17:07:43.453Z - debug:  
2025-06-26T17:07:44.470Z - debug:  
2025-06-26T17:07:44.470Z - debug:  
2025-06-26T17:07:45.830Z - debug:  
2025-06-26T17:07:45.830Z - debug:  
2025-06-26T17:07:45.831Z - debug:  
2025-06-26T17:07:45.831Z - debug:  
2025-06-26T17:07:45.831Z - debug:  
2025-06-26T17:07:45.831Z - debug:  
2025-06-26T17:07:45.831Z - debug:  
2025-06-26T17:07:45.831Z - debug:  
2025-06-26T17:07:45.831Z - debug:  
2025-06-26T17:07:45.831Z - debug:  
2025-06-26T17:07:45.831Z - debug:  
2025-06-26T17:07:45.831Z - debug:  
2025-06-26T17:07:45.831Z - debug:  
2025-06-26T17:07:45.831Z - debug:  
2025-06-26T17:07:45.831Z - debug:  
2025-06-26T17:08:05.078Z - info: Pages built
2025-06-26T17:08:05.150Z - info: Site data built
2025-06-26T17:08:05.151Z - info: Website generation complete! Total build time: 25.587s
2025-06-26T17:08:05.151Z - info: Build success!
