2020-06-13T03:39:57.028Z - info: Website generation started at 11:39:57 AM
2020-06-13T03:40:11.518Z - info: Building assets...
2020-06-13T03:40:17.928Z - info: Assets built
2020-06-13T03:40:17.929Z - info: Generating pages...
2020-06-13T03:41:55.936Z - debug: The process cannot access the file because it is being used by another process.

2020-06-13T03:41:55.939Z - debug: The process cannot access the file because it is being used by another process.

2020-06-13T03:41:55.939Z - debug: The process cannot access the file because it is being used by another process.

2020-06-13T03:42:01.572Z - debug:  
2020-06-13T03:42:01.573Z - debug:  
2020-06-13T03:42:01.574Z - debug:  
2020-06-13T03:42:01.574Z - debug:  
2020-06-13T03:42:01.574Z - debug:  
2020-06-13T03:42:01.574Z - debug:  
2020-06-13T03:42:01.574Z - debug:  
2020-06-13T03:42:01.575Z - debug:  
2020-06-13T03:42:01.575Z - debug:  
2020-06-13T03:42:01.575Z - debug:  
2020-06-13T03:42:01.575Z - debug:  
2020-06-13T03:42:01.575Z - debug:  
2020-06-13T03:42:01.575Z - debug:  
2020-06-13T03:42:01.576Z - debug:  
2020-06-13T03:42:13.392Z - debug:  
2020-06-13T03:42:13.393Z - debug:  
2020-06-13T03:42:13.393Z - debug:  
2020-06-13T03:42:13.393Z - debug:  
2020-06-13T03:42:13.796Z - debug:  
2020-06-13T03:42:13.869Z - debug:  
2020-06-13T03:42:14.859Z - info: Pages built
2020-06-13T03:42:33.333Z - info: Website generation complete! Total build time: 156.325s
2020-06-13T03:42:34.138Z - info: Serving "c:\repos\nus-cs2103-AY2021S1\cs2103-website\book\_site" at http://127.0.0.1:8080
2020-06-13T03:42:34.139Z - info: Press CTRL+C to stop ...
2020-06-13T03:42:34.140Z - debug:  
2020-06-13T03:42:34.203Z - info: Site data built
2020-06-13T05:23:06.284Z - info: Website generation started at 1:22:50 PM
2020-06-13T05:23:40.140Z - info: Building assets...
2020-06-13T05:23:50.379Z - info: Assets built
2020-06-13T05:23:50.379Z - info: Generating pages...
2020-06-13T05:26:06.224Z - info: Pages built
2020-06-13T05:26:27.106Z - info: Website generation complete! Total build time: 216.466s
2020-06-13T05:26:28.140Z - info: Serving "C:\repos\nus-cs2103-AY2021S1\cs2103-website\book\_site" at http://127.0.0.1:8080
2020-06-13T05:26:28.141Z - info: Press CTRL+C to stop ...
2020-06-13T05:26:28.200Z - info: Site data built
