2020-07-13T13:00:21.157Z - info: Website generation (lazy) started at 9:00:12 PM
2020-07-13T13:00:35.749Z - info: Building assets...
2020-07-13T13:00:38.214Z - info: Assets built
2020-07-13T13:00:38.215Z - info: Generating landing page...
2020-07-13T13:00:38.643Z - info: Landing page built, other pages will be built as you navigate to them!
2020-07-13T13:00:38.794Z - info: Website generation (lazy) complete! Total build time: 26.07s
2020-07-13T13:00:39.651Z - info: Serving "C:\repos\nus-cs2103-AY2021S1\cs2103-website\book\_site" at http://127.0.0.1:8080
2020-07-13T13:00:39.651Z - info: Press CTRL+C to stop ...
2020-07-13T13:00:39.721Z - info: Site data built
2020-07-13T13:02:06.366Z - info: Website generation started at 9:02:04 PM
2020-07-13T13:02:22.010Z - info: Building assets...
2020-07-13T13:02:24.570Z - info: Assets built
2020-07-13T13:02:24.571Z - info: Generating pages...
2020-07-13T13:02:43.715Z - debug:  
2020-07-13T13:02:43.721Z - debug:  
2020-07-13T13:02:43.721Z - debug:  
2020-07-13T13:02:43.722Z - debug:  
2020-07-13T13:02:47.598Z - debug:  
2020-07-13T13:02:47.598Z - debug:  
2020-07-13T13:02:47.599Z - debug:  
2020-07-13T13:02:53.679Z - debug:  
2020-07-13T13:02:53.886Z - debug:  
2020-07-13T13:02:59.575Z - debug:  
2020-07-13T13:03:09.675Z - debug:  
2020-07-13T13:03:09.675Z - debug:  
2020-07-13T13:03:09.676Z - debug:  
2020-07-13T13:03:09.676Z - debug:  
2020-07-13T13:03:13.433Z - debug: The process cannot access the file because it is being used by another process.

2020-07-13T13:03:13.434Z - debug: The process cannot access the file because it is being used by another process.

2020-07-13T13:03:13.735Z - debug:  
2020-07-13T13:03:14.485Z - debug:  
2020-07-13T13:03:14.503Z - debug:  
2020-07-13T13:03:21.049Z - debug: The process cannot access the file because it is being used by another process.

2020-07-13T13:03:21.049Z - debug: The process cannot access the file because it is being used by another process.

2020-07-13T13:03:21.050Z - debug:  
2020-07-13T13:03:21.189Z - debug:  
2020-07-13T13:03:21.189Z - debug:  
2020-07-13T13:03:21.190Z - debug:  
2020-07-13T13:03:22.027Z - debug: The process cannot access the file because it is being used by another process.

2020-07-13T13:03:22.028Z - debug: The process cannot access the file because it is being used by another process.

2020-07-13T13:03:24.783Z - debug:  
2020-07-13T13:03:24.865Z - debug:  
2020-07-13T13:03:51.987Z - debug: The process cannot access the file because it is being used by another process.

2020-07-13T13:03:51.990Z - debug: The process cannot access the file because it is being used by another process.

2020-07-13T13:03:53.087Z - debug:  
2020-07-13T13:03:53.088Z - debug:  
2020-07-13T13:03:57.153Z - debug:  
2020-07-13T13:03:57.416Z - debug:  
2020-07-13T13:04:08.276Z - debug: The process cannot access the file because it is being used by another process.

2020-07-13T13:04:10.500Z - debug:  
2020-07-13T13:04:13.343Z - debug:  
2020-07-13T13:04:31.579Z - info: Pages built
2020-07-13T13:04:49.784Z - info: Website generation complete! Total build time: 164.931s
2020-07-13T13:04:49.784Z - info: Build success!
2020-07-13T13:04:49.796Z - info: Site data built
