2019-06-24T05:37:55.130Z - info: Website generation started at 1:37:55 PM
2019-06-24T05:37:59.076Z - info: Building assets...
2019-06-24T05:38:11.702Z - info: Assets built
2019-06-24T05:38:11.702Z - info: Generating pages...
2019-06-24T05:38:51.054Z - info: Pages built
2019-06-24T05:39:01.076Z - info: Website generation complete! Total build time: 65.953s
2019-06-24T05:39:01.432Z - info: Serving "C:\repos\nus-cs2103-AY1920S1\cs2103-website\book\_site" at http://127.0.0.1:8080
2019-06-24T05:39:01.432Z - info: Press CTRL+C to stop ...
2019-06-24T05:39:01.468Z - info: Site data built
2019-06-24T05:52:39.799Z - info: [1:52:39 PM] Reload for file add: C:\repos\nus-cs2103-AY1920S1\cs2103-website\book\_markbind\layouts\default\header.md
2019-06-24T05:52:40.801Z - warn: Rebuilding all source files
2019-06-24T05:52:49.249Z - info: Assets removed
2019-06-24T05:52:49.249Z - info: Generating pages...
2019-06-24T05:53:42.307Z - info: [1:53:42 PM] Reload for file change: C:\repos\nus-cs2103-AY1920S1\cs2103-website\book\_markbind\layouts\default\header.md
2019-06-24T05:53:44.086Z - info: Rebuilding affected source files
2019-06-24T05:53:44.213Z - info: Rebuilding 1234 pages
2019-06-24T05:53:45.053Z - info: [1:53:45 PM] Reload for file change: C:\repos\nus-cs2103-AY1920S1\cs2103-website\book\_markbind\layouts\default\header.md
2019-06-24T05:53:45.053Z - info: [1:53:45 PM] Reload for file change: C:\repos\nus-cs2103-AY1920S1\cs2103-website\book\_markbind\layouts\default\navigation.md
2019-06-24T05:55:41.305Z - info: Pages built
2019-06-24T05:56:02.307Z - info: Pages rebuilt
2019-06-24T05:56:02.312Z - info: Rebuilding affected source files
2019-06-24T05:56:02.437Z - info: Rebuilding 1234 pages
2019-06-24T05:56:02.780Z - info: Site data built
2019-06-24T05:57:56.679Z - info: Pages rebuilt
2019-06-24T05:57:56.710Z - info: Site data built
2019-06-24T05:59:40.990Z - info: Website generation started at 1:59:37 PM
2019-06-24T05:59:44.816Z - info: Building assets...
2019-06-24T05:59:52.599Z - info: Assets built
2019-06-24T05:59:52.599Z - info: Generating pages...
2019-06-24T06:00:31.325Z - info: Pages built
2019-06-24T06:00:41.139Z - info: Website generation complete! Total build time: 63.509s
2019-06-24T06:00:41.507Z - info: Serving "C:\repos\nus-cs2103-AY1920S1\cs2103-website\book\_site" at http://127.0.0.1:8080
2019-06-24T06:00:41.507Z - info: Press CTRL+C to stop ...
2019-06-24T06:00:41.533Z - info: Site data built
2019-06-24T07:00:52.582Z - info: Website generation started at 3:00:50 PM
2019-06-24T07:00:56.510Z - info: Building assets...
2019-06-24T07:01:09.386Z - info: Assets built
2019-06-24T07:01:09.387Z - info: Generating pages...
2019-06-24T07:01:48.448Z - info: Pages built
2019-06-24T07:01:58.117Z - info: Website generation complete! Total build time: 67.859s
2019-06-24T07:01:58.470Z - info: Serving "C:\repos\nus-cs2103-AY1920S1\cs2103-website\book\_site" at http://127.0.0.1:8080
2019-06-24T07:01:58.470Z - info: Press CTRL+C to stop ...
2019-06-24T07:01:58.519Z - info: Site data built
2019-06-24T07:04:52.540Z - info: Website generation started at 3:04:50 PM
2019-06-24T07:04:56.589Z - info: Building assets...
