2022-07-16T16:11:42.123Z - info: Website generation (lazy) started at 12:11:42 am
2022-07-16T16:11:57.593Z - info: Building assets...
2022-07-16T16:12:07.217Z - info: Assets built
2022-07-16T16:12:07.218Z - info: Generating landing page...
2022-07-16T16:12:07.568Z - info: Landing page built, other pages will be built as you navigate to them!
2022-07-16T16:12:08.426Z - info: Site data built
2022-07-16T16:12:08.426Z - info: Website generation (lazy) complete! Total build time: 26.321s
2022-07-16T16:12:09.381Z - info: Serving "C:\repos\nus-cs2103\cs2103-website-base\book\_site" at http://127.0.0.1:8080
2022-07-16T16:12:09.381Z - info: Press CTRL+C to stop ...
2022-07-16T16:24:22.080Z - info: [12:24:22 am] Reload for file change: C:\repos\nus-cs2103\cs2103-website-base\book\_markbind\layouts\default.md
2022-07-16T16:24:22.082Z - info: Synchronizing opened pages list before reload
2022-07-16T16:24:22.082Z - info: Current opened pages, from most-to-least recent:
2022-07-16T16:24:22.082Z - info: 1. index
2022-07-16T16:24:23.153Z - info: Rebuilding 1 pages
2022-07-16T16:24:23.269Z - info: Site data built
2022-07-16T16:24:23.269Z - info: Pages rebuilt
2022-07-16T16:24:23.269Z - info: Website regeneration complete! Total build time: 0.117s
2022-07-16T17:14:38.250Z - info: [1:14:38 am] Reload for file change: C:\repos\nus-cs2103\cs2103-website-base\book\site.json
2022-07-16T17:14:38.252Z - info: Synchronizing opened pages list before reload
2022-07-16T17:14:38.253Z - info: Current opened pages, from most-to-least recent:
2022-07-16T17:14:38.253Z - info: 1. index
2022-07-16T17:14:54.887Z - info: Pages or site config modified, updating pages...
2022-07-16T17:15:10.147Z - info: Building C:\repos\nus-cs2103\cs2103-website-base\book\index as some of its dependencies were changed since the last visit
2022-07-16T17:15:10.347Z - info: Site data built
2022-07-16T17:15:10.348Z - info: Lazy website regeneration complete! Total build time: 0.2s
2022-07-16T17:15:10.361Z - info: Site data built
2022-07-16T17:16:04.328Z - info: [1:16:04 am] Reload for file change: C:\repos\nus-cs2103\cs2103-website-base\book\site.json
2022-07-16T17:16:04.328Z - info: Synchronizing opened pages list before reload
2022-07-16T17:16:04.329Z - info: Current opened pages, from most-to-least recent:
2022-07-16T17:16:04.329Z - info: 1. index
2022-07-16T17:16:20.934Z - info: Pages or site config modified, updating pages...
2022-07-16T17:16:35.761Z - info: Building C:\repos\nus-cs2103\cs2103-website-base\book\index as some of its dependencies were changed since the last visit
2022-07-16T17:16:35.965Z - info: Site data built
2022-07-16T17:16:35.966Z - info: Lazy website regeneration complete! Total build time: 0.205s
2022-07-16T17:16:35.980Z - info: Site data built
2022-07-16T17:18:01.382Z - info: [1:18:01 am] Reload for file change: C:\repos\nus-cs2103\cs2103-website-base\book\site.json
2022-07-16T17:18:30.026Z - info: Website generation started at 1:18:25 am
2022-07-16T17:18:48.355Z - info: Building assets...
2022-07-16T17:19:01.466Z - info: Assets built
2022-07-16T17:19:01.467Z - info: Generating pages...
2022-07-16T17:19:13.057Z - debug:  
2022-07-16T17:19:13.059Z - debug:  
2022-07-16T17:19:13.206Z - debug:  
2022-07-16T17:19:17.891Z - debug:  
2022-07-16T17:19:17.892Z - debug:  
2022-07-16T17:19:17.892Z - debug:  
2022-07-16T17:20:22.148Z - info: Pages built
2022-07-16T17:20:23.332Z - info: Site data built
2022-07-16T17:20:23.332Z - info: Website generation complete! Total build time: 118.12s
2022-07-16T17:20:24.340Z - info: Serving "C:\repos\nus-cs2103\cs2103-website-base\book\_site" at http://127.0.0.1:8080
2022-07-16T17:20:24.340Z - info: Press CTRL+C to stop ...
2022-07-16T17:21:52.457Z - info: [1:21:52 am] Reload for file change: C:\repos\nus-cs2103\cs2103-website-base\book\_markbind\layouts\default.md
2022-07-16T17:21:53.516Z - info: Rebuilding 618 pages
2022-07-16T17:22:06.821Z - debug:  
2022-07-16T17:22:07.317Z - debug:  
2022-07-16T17:22:07.320Z - debug:  
2022-07-16T17:22:07.335Z - debug:  
2022-07-16T17:22:07.335Z - debug:  
2022-07-16T17:22:07.890Z - debug:  
2022-07-16T17:22:21.777Z - info: [1:22:21 am] Reload for file change: C:\repos\nus-cs2103\cs2103-website-base\book\_markbind\layouts\default.md
2022-07-16T17:23:13.081Z - info: Site data built
2022-07-16T17:23:13.082Z - info: Pages rebuilt
2022-07-16T17:23:13.082Z - info: Website regeneration complete! Total build time: 79.567s
2022-07-16T17:23:13.102Z - info: Rebuilding 618 pages
2022-07-16T17:23:23.562Z - debug:  
2022-07-16T17:23:23.586Z - debug:  
2022-07-16T17:23:23.608Z - debug:  
2022-07-16T17:23:24.364Z - debug:  
2022-07-16T17:23:24.392Z - debug:  
2022-07-16T17:23:24.587Z - debug:  
2022-07-16T17:24:38.992Z - info: Site data built
2022-07-16T17:24:38.992Z - info: Pages rebuilt
2022-07-16T17:24:38.992Z - info: Website regeneration complete! Total build time: 85.892s
2022-07-16T17:27:29.615Z - info: Website generation started at 1:27:22 am
2022-07-16T17:27:45.928Z - info: Building assets...
2022-07-16T17:27:57.380Z - info: Assets built
2022-07-16T17:27:57.381Z - info: Generating pages...
2022-07-16T17:28:08.700Z - debug:  
2022-07-16T17:28:08.739Z - debug:  
2022-07-16T17:28:08.792Z - debug:  
2022-07-16T17:28:13.753Z - debug:  
2022-07-16T17:28:13.754Z - debug:  
2022-07-16T17:28:13.754Z - debug:  
2022-07-16T17:29:22.954Z - info: Pages built
2022-07-16T17:29:23.930Z - info: Site data built
2022-07-16T17:29:23.930Z - info: Website generation complete! Total build time: 121.572s
2022-07-16T17:29:23.930Z - info: Build success!
2022-07-16T17:31:55.357Z - info: The website has been deployed at: https://se-edu.github.io/se-book
