2023-05-01T13:21:29.635Z - info: Website generation started at 9:21:21 pm
2023-05-01T13:21:47.140Z - info: Building assets...
2023-05-01T13:21:57.718Z - info: Assets built
2023-05-01T13:21:57.719Z - info: Generating pages...
2023-05-01T13:22:08.144Z - debug:  
2023-05-01T13:22:08.171Z - debug:  
2023-05-01T13:22:08.245Z - debug:  
2023-05-01T13:22:14.727Z - debug:  
2023-05-01T13:22:14.727Z - debug:  
2023-05-01T13:22:14.727Z - debug:  
2023-05-01T13:22:14.728Z - debug:  
2023-05-01T13:22:14.728Z - debug:  
2023-05-01T13:22:14.728Z - debug:  
2023-05-01T13:22:14.729Z - debug:  
2023-05-01T13:22:14.729Z - debug:  
2023-05-01T13:22:14.729Z - debug:  
2023-05-01T13:22:14.730Z - debug:  
2023-05-01T13:23:11.227Z - info: Pages built
2023-05-01T13:23:12.379Z - info: Site data built
2023-05-01T13:23:12.379Z - info: Website generation complete! Total build time: 111.052s
2023-05-01T13:23:12.379Z - info: Build success!
2023-05-01T13:26:31.275Z - info: The website has been deployed at: https://se-edu.github.io/se-book
