2021-06-19T14:26:08.613Z - info: Website generation (lazy) started at 10:26:03 pm
2021-06-19T14:26:22.248Z - info: Building assets...
2021-06-19T14:26:31.703Z - info: Assets built
2021-06-19T14:26:31.703Z - info: Generating landing page...
2021-06-19T14:26:32.029Z - info: Landing page built, other pages will be built as you navigate to them!
2021-06-19T14:26:32.785Z - info: Site data built
2021-06-19T14:26:32.786Z - info: Website generation (lazy) complete! Total build time: 28.823s
2021-06-19T14:26:33.562Z - info: Serving "C:\repos\nus-cs2103\cs2103-website-base\book\_site" at http://127.0.0.1:8080
2021-06-19T14:26:33.562Z - info: Press CTRL+C to stop ...
2021-06-19T14:27:35.705Z - info: [10:27:35 pm] Reload for file change: C:\repos\nus-cs2103\cs2103-website-base\book\_markbind\variables.md
2021-06-19T14:27:35.707Z - info: Synchronizing opened pages list before reload
2021-06-19T14:27:35.707Z - info: Current opened pages, from most-to-least recent:
2021-06-19T14:27:35.708Z - info: 1. index
2021-06-19T14:27:36.783Z - warn: Rebuilding all pages as variables file was changed, or the --force-reload flag was set
2021-06-19T14:27:36.788Z - info: Rebuilding 1 pages
2021-06-19T14:27:36.944Z - info: Site data built
2021-06-19T14:27:36.944Z - info: Pages rebuilt
2021-06-19T14:27:36.945Z - info: Website regeneration complete! Total build time: 0.232s
2021-06-19T14:27:39.893Z - info: Building C:\repos\nus-cs2103\cs2103-website-base\book\about\usage as some of its dependencies were changed since the last visit
2021-06-19T14:27:40.282Z - info: Site data built
2021-06-19T14:27:40.282Z - info: Lazy website regeneration complete! Total build time: 0.39s
2021-06-19T14:30:08.628Z - info: [10:30:08 pm] Reload for file change: C:\repos\nus-cs2103\cs2103-website-base\book\about\usage.md
2021-06-19T14:30:08.628Z - info: Synchronizing opened pages list before reload
2021-06-19T14:30:08.629Z - info: Current opened pages, from most-to-least recent:
2021-06-19T14:30:08.629Z - info: 1. about/usage
2021-06-19T14:30:09.642Z - info: Rebuilding 1 pages
2021-06-19T14:30:09.856Z - info: Site data built
2021-06-19T14:30:09.857Z - info: Pages rebuilt
2021-06-19T14:30:09.857Z - info: Website regeneration complete! Total build time: 0.215s
2021-06-19T14:30:17.275Z - info: [10:30:17 pm] Reload for file change: C:\repos\nus-cs2103\cs2103-website-base\book\about\usage.md
2021-06-19T14:30:17.275Z - info: Synchronizing opened pages list before reload
2021-06-19T14:30:17.275Z - info: Current opened pages, from most-to-least recent:
2021-06-19T14:30:17.275Z - info: 1. about/usage
2021-06-19T14:30:18.283Z - info: Rebuilding 1 pages
2021-06-19T14:30:18.505Z - info: Site data built
2021-06-19T14:30:18.505Z - info: Pages rebuilt
2021-06-19T14:30:18.505Z - info: Website regeneration complete! Total build time: 0.224s
2021-06-19T14:30:35.016Z - info: [10:30:35 pm] Reload for file change: C:\repos\nus-cs2103\cs2103-website-base\book\about\usage.md
2021-06-19T14:30:35.016Z - info: Synchronizing opened pages list before reload
2021-06-19T14:30:35.016Z - info: Current opened pages, from most-to-least recent:
2021-06-19T14:30:35.016Z - info: 1. about/usage
2021-06-19T14:30:36.018Z - info: Rebuilding 1 pages
2021-06-19T14:30:36.311Z - info: Site data built
2021-06-19T14:30:36.311Z - info: Pages rebuilt
2021-06-19T14:30:36.311Z - info: Website regeneration complete! Total build time: 0.294s
2021-06-19T14:30:55.589Z - info: [10:30:55 pm] Reload for file change: C:\repos\nus-cs2103\cs2103-website-base\book\about\usage.md
2021-06-19T14:30:55.590Z - info: Synchronizing opened pages list before reload
2021-06-19T14:30:55.590Z - info: Current opened pages, from most-to-least recent:
2021-06-19T14:30:55.590Z - info: 1. about/usage
2021-06-19T14:30:56.599Z - info: Rebuilding 1 pages
2021-06-19T14:30:56.809Z - info: Site data built
2021-06-19T14:30:56.809Z - info: Pages rebuilt
2021-06-19T14:30:56.810Z - info: Website regeneration complete! Total build time: 0.211s
2021-06-19T14:31:41.049Z - info: [10:31:41 pm] Reload for file change: C:\repos\nus-cs2103\cs2103-website-base\book\_markbind\variables.md
2021-06-19T14:31:41.049Z - info: Synchronizing opened pages list before reload
2021-06-19T14:31:41.049Z - info: Current opened pages, from most-to-least recent:
2021-06-19T14:31:41.049Z - info: 1. about/usage
2021-06-19T14:31:42.120Z - warn: Rebuilding all pages as variables file was changed, or the --force-reload flag was set
2021-06-19T14:31:42.123Z - info: Rebuilding 1 pages
2021-06-19T14:31:42.338Z - info: Site data built
2021-06-19T14:31:42.338Z - info: Pages rebuilt
2021-06-19T14:31:42.338Z - info: Website regeneration complete! Total build time: 0.28s
2021-06-19T14:33:19.046Z - info: [10:33:19 pm] Reload for file change: C:\repos\nus-cs2103\cs2103-website-base\book\about\usage.md
2021-06-19T14:33:19.047Z - info: Synchronizing opened pages list before reload
2021-06-19T14:33:19.047Z - info: Current opened pages, from most-to-least recent:
2021-06-19T14:33:19.047Z - info: 1. about/usage
2021-06-19T14:33:20.049Z - info: Rebuilding 1 pages
2021-06-19T14:33:20.216Z - info: Site data built
2021-06-19T14:33:20.216Z - info: Pages rebuilt
2021-06-19T14:33:20.216Z - info: Website regeneration complete! Total build time: 0.168s
2021-06-19T14:33:40.909Z - info: [10:33:40 pm] Reload for file change: C:\repos\nus-cs2103\cs2103-website-base\book\about\usage.md
2021-06-19T14:33:40.909Z - info: Synchronizing opened pages list before reload
2021-06-19T14:33:40.910Z - info: Current opened pages, from most-to-least recent:
2021-06-19T14:33:40.910Z - info: 1. about/usage
2021-06-19T14:33:41.917Z - info: Rebuilding 1 pages
2021-06-19T14:33:42.073Z - info: Site data built
2021-06-19T14:33:42.073Z - info: Pages rebuilt
2021-06-19T14:33:42.073Z - info: Website regeneration complete! Total build time: 0.157s
2021-06-19T14:33:49.934Z - info: [10:33:49 pm] Reload for file change: C:\repos\nus-cs2103\cs2103-website-base\book\about\usage.md
2021-06-19T14:33:49.934Z - info: Synchronizing opened pages list before reload
2021-06-19T14:33:49.935Z - info: Current opened pages, from most-to-least recent:
2021-06-19T14:33:49.935Z - info: 1. about/usage
2021-06-19T14:33:50.950Z - info: Rebuilding 1 pages
2021-06-19T14:33:51.083Z - info: Site data built
2021-06-19T14:33:51.083Z - info: Pages rebuilt
2021-06-19T14:33:51.084Z - info: Website regeneration complete! Total build time: 0.135s
2021-06-19T14:50:14.478Z - info: [10:50:14 pm] Reload for file change: C:\repos\nus-cs2103\cs2103-website-base\book\about\usage.md
2021-06-19T14:50:14.478Z - info: Synchronizing opened pages list before reload
2021-06-19T14:50:14.478Z - info: Current opened pages, from most-to-least recent:
2021-06-19T14:50:14.478Z - info: 1. about/usage
2021-06-19T14:50:15.490Z - info: Rebuilding 1 pages
2021-06-19T14:50:15.742Z - info: Site data built
2021-06-19T14:50:15.742Z - info: Pages rebuilt
2021-06-19T14:50:15.742Z - info: Website regeneration complete! Total build time: 0.254s
2021-06-19T14:50:21.776Z - info: [10:50:21 pm] Reload for file change: C:\repos\nus-cs2103\cs2103-website-base\book\about\usage.md
2021-06-19T14:50:21.776Z - info: Synchronizing opened pages list before reload
2021-06-19T14:50:21.776Z - info: Current opened pages, from most-to-least recent:
2021-06-19T14:50:21.776Z - info: 1. about/usage
2021-06-19T14:50:22.785Z - info: Rebuilding 1 pages
2021-06-19T14:50:22.956Z - info: Site data built
2021-06-19T14:50:22.956Z - info: Pages rebuilt
2021-06-19T14:50:22.956Z - info: Website regeneration complete! Total build time: 0.171s
2021-06-19T14:54:47.481Z - info: [10:54:47 pm] Reload for file change: C:\repos\nus-cs2103\cs2103-website-base\book\about\usage.md
2021-06-19T14:54:47.481Z - info: Synchronizing opened pages list before reload
2021-06-19T14:54:47.481Z - info: Current opened pages, from most-to-least recent:
2021-06-19T14:54:47.481Z - info: 1. about/usage
2021-06-19T14:54:48.497Z - info: Rebuilding 1 pages
2021-06-19T14:54:48.648Z - info: Site data built
2021-06-19T14:54:48.648Z - info: Pages rebuilt
2021-06-19T14:54:48.648Z - info: Website regeneration complete! Total build time: 0.153s
2021-06-19T14:54:56.653Z - info: [10:54:56 pm] Reload for file change: C:\repos\nus-cs2103\cs2103-website-base\book\about\usage.md
2021-06-19T14:54:56.653Z - info: Synchronizing opened pages list before reload
2021-06-19T14:54:56.653Z - info: Current opened pages, from most-to-least recent:
2021-06-19T14:54:56.653Z - info: 1. about/usage
2021-06-19T14:54:57.667Z - info: Rebuilding 1 pages
2021-06-19T14:54:57.789Z - info: Site data built
2021-06-19T14:54:57.789Z - info: Pages rebuilt
2021-06-19T14:54:57.789Z - info: Website regeneration complete! Total build time: 0.124s
2021-06-19T14:55:16.974Z - info: Building C:\repos\nus-cs2103\cs2103-website-base\book\about\acknowledgements as some of its dependencies were changed since the last visit
2021-06-19T14:55:17.073Z - info: Site data built
2021-06-19T14:55:17.073Z - info: Lazy website regeneration complete! Total build time: 0.1s
