2023-07-09T16:04:27.883Z - info: Website generation started at 12:04:19 am
2023-07-09T16:04:46.074Z - info: Building assets...
2023-07-09T16:04:59.456Z - info: Assets built
2023-07-09T16:04:59.457Z - info: Generating pages...
2023-07-09T16:05:12.552Z - debug:  
2023-07-09T16:05:12.553Z - debug:  
2023-07-09T16:05:12.624Z - debug:  
2023-07-09T16:05:19.897Z - debug:  
2023-07-09T16:05:24.485Z - debug:  
2023-07-09T16:05:24.486Z - debug:  
2023-07-09T16:05:24.486Z - debug:  
2023-07-09T16:05:24.486Z - debug:  
2023-07-09T16:05:24.487Z - debug:  
2023-07-09T16:05:24.487Z - debug:  
2023-07-09T16:05:24.487Z - debug:  
2023-07-09T16:05:24.487Z - debug:  
2023-07-09T16:05:24.488Z - debug:  
2023-07-09T16:05:24.488Z - debug:  
2023-07-09T16:05:24.488Z - debug:  
2023-07-09T16:05:24.488Z - debug:  
2023-07-09T16:06:24.678Z - info: Pages built
2023-07-09T16:06:25.890Z - info: Site data built
2023-07-09T16:06:25.890Z - info: Website generation complete! Total build time: 126.787s
2023-07-09T16:06:25.890Z - info: Build success!
2023-07-09T16:09:18.405Z - info: The website has been deployed at: https://se-edu.github.io/se-book
2023-07-09T16:17:09.646Z - info: Website generation started at 12:17:02 am
2023-07-09T16:17:26.180Z - info: Building assets...
2023-07-09T16:17:36.854Z - info: Assets built
2023-07-09T16:17:36.855Z - info: Generating pages...
2023-07-09T16:17:47.029Z - debug:  
2023-07-09T16:17:47.565Z - debug:  
2023-07-09T16:17:47.758Z - debug:  
2023-07-09T16:17:54.073Z - debug:  
2023-07-09T16:17:54.074Z - debug:  
2023-07-09T16:17:54.074Z - debug:  
2023-07-09T16:17:54.074Z - debug:  
2023-07-09T16:17:54.074Z - debug:  
2023-07-09T16:17:54.074Z - debug:  
2023-07-09T16:17:54.075Z - debug:  
2023-07-09T16:17:54.075Z - debug:  
2023-07-09T16:17:54.075Z - debug:  
2023-07-09T16:17:54.075Z - debug:  
2023-07-09T16:17:54.076Z - debug:  
2023-07-09T16:17:54.076Z - debug:  
2023-07-09T16:17:54.076Z - debug:  
2023-07-09T16:18:47.789Z - info: Pages built
2023-07-09T16:18:48.823Z - info: Site data built
2023-07-09T16:18:48.823Z - info: Website generation complete! Total build time: 106.266s
2023-07-09T16:18:49.634Z - info: Serving "C:\repos\nus-cs2103\cs2103-website-base\book\_site" at http://127.0.0.1:8080
2023-07-09T16:18:49.634Z - info: Press CTRL+C to stop ...
2023-07-09T16:22:25.417Z - info: [12:22:25 am] Reload for file change: C:\repos\nus-cs2103\cs2103-website-base\book\cppToJava\text.md
2023-07-09T16:22:26.430Z - info: Rebuilding 1 pages
2023-07-09T16:22:29.401Z - info: Site data built
2023-07-09T16:22:29.402Z - info: Pages rebuilt
2023-07-09T16:22:29.402Z - info: Website regeneration complete! Total build time: 2.975s
2023-07-09T16:24:24.231Z - info: Website generation started at 12:24:16 am
2023-07-09T16:24:42.176Z - info: Building assets...
