2021-06-16T13:25:20.236Z - info: Website generation started at 9:25:20 pm
2021-06-16T13:25:35.721Z - info: Building assets...
2021-06-16T13:25:47.893Z - info: Assets built
2021-06-16T13:25:47.894Z - info: Generating pages...
2021-06-16T13:25:56.914Z - debug:  
2021-06-16T13:25:56.960Z - debug:  
2021-06-16T13:25:56.987Z - debug:  
2021-06-16T13:25:57.338Z - debug:  
2021-06-16T13:25:57.906Z - debug:  
2021-06-16T13:26:01.294Z - debug:  
2021-06-16T13:26:07.413Z - error:  Error: No such segment '#extras' in file: C:\repos\nus-cs2103\cs2103-website-base\book\codeQuality\maximiseReadability\advanced\makeHappyPathProminent\text.md
Missing reference in C:\repos\nus-cs2103\cs2103-website-base\book\codeQuality\maximiseReadability\advanced\makeHappyPathProminent\unit-inParent-asPanel.md
    at processInclude (C:\Users\dcsdcr\AppData\Roaming\npm\node_modules\markbind-cli\node_modules\@markbind\core\src\html\includePanelProcessor.js:225:23)
    at NodeProcessor.processNode (C:\Users\dcsdcr\AppData\Roaming\npm\node_modules\markbind-cli\node_modules\@markbind\core\src\html\NodeProcessor.js:147:16)
    at NodeProcessor._process (C:\Users\dcsdcr\AppData\Roaming\npm\node_modules\markbind-cli\node_modules\@markbind\core\src\html\NodeProcessor.js:295:20)
    at C:\Users\dcsdcr\AppData\Roaming\npm\node_modules\markbind-cli\node_modules\@markbind\core\src\html\NodeProcessor.js:300:14
    at Array.forEach (<anonymous>)
    at NodeProcessor._process (C:\Users\dcsdcr\AppData\Roaming\npm\node_modules\markbind-cli\node_modules\@markbind\core\src\html\NodeProcessor.js:299:21)
    at C:\Users\dcsdcr\AppData\Roaming\npm\node_modules\markbind-cli\node_modules\@markbind\core\src\html\NodeProcessor.js:300:14
    at Array.forEach (<anonymous>)
    at NodeProcessor._process (C:\Users\dcsdcr\AppData\Roaming\npm\node_modules\markbind-cli\node_modules\@markbind\core\src\html\NodeProcessor.js:299:21)
    at C:\Users\dcsdcr\AppData\Roaming\npm\node_modules\markbind-cli\node_modules\@markbind\core\src\html\NodeProcessor.js:300:14
    at Array.forEach (<anonymous>)
    at NodeProcessor._process (C:\Users\dcsdcr\AppData\Roaming\npm\node_modules\markbind-cli\node_modules\@markbind\core\src\html\NodeProcessor.js:299:21)
    at C:\Users\dcsdcr\AppData\Roaming\npm\node_modules\markbind-cli\node_modules\@markbind\core\src\html\NodeProcessor.js:300:14
    at Array.forEach (<anonymous>)
    at NodeProcessor._process (C:\Users\dcsdcr\AppData\Roaming\npm\node_modules\markbind-cli\node_modules\@markbind\core\src\html\NodeProcessor.js:299:21)
    at C:\Users\dcsdcr\AppData\Roaming\npm\node_modules\markbind-cli\node_modules\@markbind\core\src\html\NodeProcessor.js:300:14
2021-06-16T13:26:09.162Z - error:  Error: No such segment '#extras' in file: C:\repos\nus-cs2103\cs2103-website-base\book\codeQuality\maximiseReadability\advanced\makeHappyPathProminent\text.md
Missing reference in C:\repos\nus-cs2103\cs2103-website-base\book\codeQuality\maximiseReadability\advanced\makeHappyPathProminent\unit-inParent-asPanel.md
    at processInclude (C:\Users\dcsdcr\AppData\Roaming\npm\node_modules\markbind-cli\node_modules\@markbind\core\src\html\includePanelProcessor.js:225:23)
    at NodeProcessor.processNode (C:\Users\dcsdcr\AppData\Roaming\npm\node_modules\markbind-cli\node_modules\@markbind\core\src\html\NodeProcessor.js:147:16)
    at NodeProcessor._process (C:\Users\dcsdcr\AppData\Roaming\npm\node_modules\markbind-cli\node_modules\@markbind\core\src\html\NodeProcessor.js:295:20)
    at C:\Users\dcsdcr\AppData\Roaming\npm\node_modules\markbind-cli\node_modules\@markbind\core\src\html\NodeProcessor.js:300:14
    at Array.forEach (<anonymous>)
    at NodeProcessor._process (C:\Users\dcsdcr\AppData\Roaming\npm\node_modules\markbind-cli\node_modules\@markbind\core\src\html\NodeProcessor.js:299:21)
    at C:\Users\dcsdcr\AppData\Roaming\npm\node_modules\markbind-cli\node_modules\@markbind\core\src\html\NodeProcessor.js:300:14
    at Array.forEach (<anonymous>)
    at NodeProcessor._process (C:\Users\dcsdcr\AppData\Roaming\npm\node_modules\markbind-cli\node_modules\@markbind\core\src\html\NodeProcessor.js:299:21)
    at C:\Users\dcsdcr\AppData\Roaming\npm\node_modules\markbind-cli\node_modules\@markbind\core\src\html\NodeProcessor.js:300:14
    at Array.forEach (<anonymous>)
    at NodeProcessor._process (C:\Users\dcsdcr\AppData\Roaming\npm\node_modules\markbind-cli\node_modules\@markbind\core\src\html\NodeProcessor.js:299:21)
    at C:\Users\dcsdcr\AppData\Roaming\npm\node_modules\markbind-cli\node_modules\@markbind\core\src\html\NodeProcessor.js:300:14
    at Array.forEach (<anonymous>)
    at NodeProcessor._process (C:\Users\dcsdcr\AppData\Roaming\npm\node_modules\markbind-cli\node_modules\@markbind\core\src\html\NodeProcessor.js:299:21)
    at C:\Users\dcsdcr\AppData\Roaming\npm\node_modules\markbind-cli\node_modules\@markbind\core\src\html\NodeProcessor.js:300:14
2021-06-16T13:26:49.412Z - error:  Error: No such segment '#extras' in file: C:\repos\nus-cs2103\cs2103-website-base\book\codeQuality\maximiseReadability\advanced\makeHappyPathProminent\text.md
Missing reference in C:\repos\nus-cs2103\cs2103-website-base\book\codeQuality\maximiseReadability\advanced\makeHappyPathProminent\unit-inParent-asPanel.md
    at processInclude (C:\Users\dcsdcr\AppData\Roaming\npm\node_modules\markbind-cli\node_modules\@markbind\core\src\html\includePanelProcessor.js:225:23)
    at NodeProcessor.processNode (C:\Users\dcsdcr\AppData\Roaming\npm\node_modules\markbind-cli\node_modules\@markbind\core\src\html\NodeProcessor.js:147:16)
    at NodeProcessor._process (C:\Users\dcsdcr\AppData\Roaming\npm\node_modules\markbind-cli\node_modules\@markbind\core\src\html\NodeProcessor.js:295:20)
    at C:\Users\dcsdcr\AppData\Roaming\npm\node_modules\markbind-cli\node_modules\@markbind\core\src\html\NodeProcessor.js:300:14
    at Array.forEach (<anonymous>)
    at NodeProcessor._process (C:\Users\dcsdcr\AppData\Roaming\npm\node_modules\markbind-cli\node_modules\@markbind\core\src\html\NodeProcessor.js:299:21)
    at C:\Users\dcsdcr\AppData\Roaming\npm\node_modules\markbind-cli\node_modules\@markbind\core\src\html\NodeProcessor.js:300:14
    at Array.forEach (<anonymous>)
    at NodeProcessor._process (C:\Users\dcsdcr\AppData\Roaming\npm\node_modules\markbind-cli\node_modules\@markbind\core\src\html\NodeProcessor.js:299:21)
    at C:\Users\dcsdcr\AppData\Roaming\npm\node_modules\markbind-cli\node_modules\@markbind\core\src\html\NodeProcessor.js:300:14
    at Array.forEach (<anonymous>)
    at NodeProcessor._process (C:\Users\dcsdcr\AppData\Roaming\npm\node_modules\markbind-cli\node_modules\@markbind\core\src\html\NodeProcessor.js:299:21)
    at C:\Users\dcsdcr\AppData\Roaming\npm\node_modules\markbind-cli\node_modules\@markbind\core\src\html\NodeProcessor.js:300:14
    at Array.forEach (<anonymous>)
    at NodeProcessor._process (C:\Users\dcsdcr\AppData\Roaming\npm\node_modules\markbind-cli\node_modules\@markbind\core\src\html\NodeProcessor.js:299:21)
    at C:\Users\dcsdcr\AppData\Roaming\npm\node_modules\markbind-cli\node_modules\@markbind\core\src\html\NodeProcessor.js:300:14
2021-06-16T13:26:49.811Z - error:  Error: No such segment '#extras' in file: C:\repos\nus-cs2103\cs2103-website-base\book\codeQuality\maximiseReadability\advanced\makeHappyPathProminent\text.md
Missing reference in C:\repos\nus-cs2103\cs2103-website-base\book\codeQuality\maximiseReadability\advanced\makeHappyPathProminent\unit-inParent-asPanel.md
    at processInclude (C:\Users\dcsdcr\AppData\Roaming\npm\node_modules\markbind-cli\node_modules\@markbind\core\src\html\includePanelProcessor.js:225:23)
    at NodeProcessor.processNode (C:\Users\dcsdcr\AppData\Roaming\npm\node_modules\markbind-cli\node_modules\@markbind\core\src\html\NodeProcessor.js:147:16)
    at NodeProcessor._process (C:\Users\dcsdcr\AppData\Roaming\npm\node_modules\markbind-cli\node_modules\@markbind\core\src\html\NodeProcessor.js:295:20)
    at C:\Users\dcsdcr\AppData\Roaming\npm\node_modules\markbind-cli\node_modules\@markbind\core\src\html\NodeProcessor.js:300:14
    at Array.forEach (<anonymous>)
    at NodeProcessor._process (C:\Users\dcsdcr\AppData\Roaming\npm\node_modules\markbind-cli\node_modules\@markbind\core\src\html\NodeProcessor.js:299:21)
    at C:\Users\dcsdcr\AppData\Roaming\npm\node_modules\markbind-cli\node_modules\@markbind\core\src\html\NodeProcessor.js:300:14
    at Array.forEach (<anonymous>)
    at NodeProcessor._process (C:\Users\dcsdcr\AppData\Roaming\npm\node_modules\markbind-cli\node_modules\@markbind\core\src\html\NodeProcessor.js:299:21)
    at C:\Users\dcsdcr\AppData\Roaming\npm\node_modules\markbind-cli\node_modules\@markbind\core\src\html\NodeProcessor.js:300:14
    at Array.forEach (<anonymous>)
    at NodeProcessor._process (C:\Users\dcsdcr\AppData\Roaming\npm\node_modules\markbind-cli\node_modules\@markbind\core\src\html\NodeProcessor.js:299:21)
    at C:\Users\dcsdcr\AppData\Roaming\npm\node_modules\markbind-cli\node_modules\@markbind\core\src\html\NodeProcessor.js:300:14
    at Array.forEach (<anonymous>)
    at NodeProcessor._process (C:\Users\dcsdcr\AppData\Roaming\npm\node_modules\markbind-cli\node_modules\@markbind\core\src\html\NodeProcessor.js:299:21)
    at C:\Users\dcsdcr\AppData\Roaming\npm\node_modules\markbind-cli\node_modules\@markbind\core\src\html\NodeProcessor.js:300:14
2021-06-16T13:26:50.084Z - error:  Error: No such segment '#extras' in file: C:\repos\nus-cs2103\cs2103-website-base\book\codeQuality\maximiseReadability\advanced\makeHappyPathProminent\text.md
Missing reference in C:\repos\nus-cs2103\cs2103-website-base\book\codeQuality\maximiseReadability\advanced\makeHappyPathProminent\unit-inParent-asPanel.md
    at processInclude (C:\Users\dcsdcr\AppData\Roaming\npm\node_modules\markbind-cli\node_modules\@markbind\core\src\html\includePanelProcessor.js:225:23)
    at NodeProcessor.processNode (C:\Users\dcsdcr\AppData\Roaming\npm\node_modules\markbind-cli\node_modules\@markbind\core\src\html\NodeProcessor.js:147:16)
    at NodeProcessor._process (C:\Users\dcsdcr\AppData\Roaming\npm\node_modules\markbind-cli\node_modules\@markbind\core\src\html\NodeProcessor.js:295:20)
    at C:\Users\dcsdcr\AppData\Roaming\npm\node_modules\markbind-cli\node_modules\@markbind\core\src\html\NodeProcessor.js:300:14
    at Array.forEach (<anonymous>)
    at NodeProcessor._process (C:\Users\dcsdcr\AppData\Roaming\npm\node_modules\markbind-cli\node_modules\@markbind\core\src\html\NodeProcessor.js:299:21)
    at C:\Users\dcsdcr\AppData\Roaming\npm\node_modules\markbind-cli\node_modules\@markbind\core\src\html\NodeProcessor.js:300:14
    at Array.forEach (<anonymous>)
    at NodeProcessor._process (C:\Users\dcsdcr\AppData\Roaming\npm\node_modules\markbind-cli\node_modules\@markbind\core\src\html\NodeProcessor.js:299:21)
    at C:\Users\dcsdcr\AppData\Roaming\npm\node_modules\markbind-cli\node_modules\@markbind\core\src\html\NodeProcessor.js:300:14
    at Array.forEach (<anonymous>)
    at NodeProcessor._process (C:\Users\dcsdcr\AppData\Roaming\npm\node_modules\markbind-cli\node_modules\@markbind\core\src\html\NodeProcessor.js:299:21)
    at C:\Users\dcsdcr\AppData\Roaming\npm\node_modules\markbind-cli\node_modules\@markbind\core\src\html\NodeProcessor.js:300:14
    at Array.forEach (<anonymous>)
    at NodeProcessor._process (C:\Users\dcsdcr\AppData\Roaming\npm\node_modules\markbind-cli\node_modules\@markbind\core\src\html\NodeProcessor.js:299:21)
    at C:\Users\dcsdcr\AppData\Roaming\npm\node_modules\markbind-cli\node_modules\@markbind\core\src\html\NodeProcessor.js:300:14
2021-06-16T13:26:52.708Z - info: Pages built
2021-06-16T13:26:53.450Z - info: Site data built
2021-06-16T13:26:53.451Z - info: Website generation complete! Total build time: 93.438s
2021-06-16T13:26:54.165Z - info: Serving "C:\repos\nus-cs2103\cs2103-website-base\book\_site" at http://127.0.0.1:8080
2021-06-16T13:26:54.166Z - info: Press CTRL+C to stop ...
2021-06-16T13:29:17.567Z - info: [9:29:17 pm] Reload for file change: C:\repos\nus-cs2103\cs2103-website-base\book\_markbind\boilerplates\unit-inParent-asPanel.md
2021-06-16T13:29:18.586Z - info: Rebuilding 181 pages
2021-06-16T13:29:27.818Z - debug:  
2021-06-16T13:29:27.873Z - debug:  
2021-06-16T13:29:27.876Z - debug:  
2021-06-16T13:29:27.894Z - debug:  
2021-06-16T13:29:27.910Z - debug:  
2021-06-16T13:29:29.823Z - debug:  
2021-06-16T13:29:54.549Z - info: Site data built
2021-06-16T13:29:54.550Z - info: Pages rebuilt
2021-06-16T13:29:54.551Z - info: Website regeneration complete! Total build time: 35.967s
2021-06-16T13:30:20.172Z - info: [9:30:20 pm] Reload for file change: C:\repos\nus-cs2103\cs2103-website-base\book\_markbind\layouts\default.md
2021-06-16T13:30:21.202Z - info: Rebuilding 618 pages
2021-06-16T13:30:31.592Z - debug:  
2021-06-16T13:30:31.619Z - debug:  
2021-06-16T13:30:31.628Z - debug:  
2021-06-16T13:30:31.640Z - debug:  
2021-06-16T13:30:31.653Z - debug:  
2021-06-16T13:30:32.617Z - debug:  
2021-06-16T13:31:21.113Z - info: [9:31:21 pm] Reload for file change: C:\repos\nus-cs2103\cs2103-website-base\book\_markbind\layouts\default.md
2021-06-16T13:31:23.809Z - info: [9:31:23 pm] Reload for file change: C:\repos\nus-cs2103\cs2103-website-base\book\_markbind\layouts\default.md
2021-06-16T13:31:34.911Z - info: Site data built
2021-06-16T13:31:34.911Z - info: Pages rebuilt
2021-06-16T13:31:34.912Z - info: Website regeneration complete! Total build time: 73.711s
2021-06-16T13:31:34.931Z - info: Rebuilding 618 pages
2021-06-16T13:31:44.463Z - debug:  
2021-06-16T13:31:44.548Z - debug:  
2021-06-16T13:31:44.748Z - debug:  
2021-06-16T13:31:44.759Z - debug:  
2021-06-16T13:31:44.768Z - debug:  
2021-06-16T13:31:45.675Z - debug:  
2021-06-16T13:32:43.884Z - info: Site data built
2021-06-16T13:32:43.885Z - info: Pages rebuilt
2021-06-16T13:32:43.885Z - info: Website regeneration complete! Total build time: 68.956s
2021-06-16T13:58:39.773Z - info: Website generation (lazy) started at 9:58:34 pm
2021-06-16T13:58:51.035Z - info: Building assets...
2021-06-16T13:59:00.623Z - info: Assets built
2021-06-16T13:59:00.623Z - info: Generating landing page...
2021-06-16T13:59:00.929Z - info: Landing page built, other pages will be built as you navigate to them!
2021-06-16T13:59:01.729Z - info: Site data built
2021-06-16T13:59:01.730Z - info: Website generation (lazy) complete! Total build time: 26.864s
2021-06-16T13:59:02.598Z - info: Serving "C:\repos\nus-cs2103\cs2103-website-base\book\_site" at http://127.0.0.1:8080
2021-06-16T13:59:02.598Z - info: Press CTRL+C to stop ...
2021-06-16T13:59:28.654Z - info: [9:59:28 pm] Reload for file change: C:\repos\nus-cs2103\cs2103-website-base\book\_markbind\layouts\default.md
2021-06-16T13:59:28.656Z - info: Synchronizing opened pages list before reload
2021-06-16T13:59:28.656Z - info: Current opened pages, from most-to-least recent:
2021-06-16T13:59:28.656Z - info: 1. se-book/index
2021-06-16T13:59:29.749Z - info: No pages needed to be rebuilt
2021-06-16T14:00:36.617Z - info: [10:00:36 pm] Reload for file change: C:\repos\nus-cs2103\cs2103-website-base\book\_markbind\layouts\default.md
2021-06-16T14:00:36.617Z - info: Synchronizing opened pages list before reload
2021-06-16T14:00:36.617Z - info: Current opened pages, from most-to-least recent:
2021-06-16T14:00:36.617Z - info: 1. se-book/index
2021-06-16T14:00:37.693Z - info: No pages needed to be rebuilt
2021-06-16T14:00:43.465Z - info: [10:00:43 pm] Reload for file change: C:\repos\nus-cs2103\cs2103-website-base\book\_markbind\layouts\default.md
2021-06-16T14:00:43.466Z - info: Synchronizing opened pages list before reload
2021-06-16T14:00:43.466Z - info: Current opened pages, from most-to-least recent:
2021-06-16T14:00:43.466Z - info: 1. se-book/index
2021-06-16T14:00:44.522Z - info: No pages needed to be rebuilt
2021-06-16T14:03:10.742Z - info: [10:03:10 pm] Reload for file change: C:\repos\nus-cs2103\cs2103-website-base\book\_markbind\layouts\default.md
2021-06-16T14:03:10.742Z - info: Synchronizing opened pages list before reload
2021-06-16T14:03:10.742Z - info: Current opened pages, from most-to-least recent:
2021-06-16T14:03:10.742Z - info: 1. se-book/index
2021-06-16T14:03:11.806Z - info: No pages needed to be rebuilt
2021-06-16T14:03:16.551Z - info: Building C:\repos\nus-cs2103\cs2103-website-base\book\index as some of its dependencies were changed since the last visit
2021-06-16T14:03:16.713Z - info: Site data built
2021-06-16T14:03:16.713Z - info: Lazy website regeneration complete! Total build time: 0.162s
2021-06-16T14:05:10.022Z - info: [10:05:10 pm] Reload for file change: C:\repos\nus-cs2103\cs2103-website-base\book\_markbind\layouts\default.md
2021-06-16T14:05:10.023Z - info: Synchronizing opened pages list before reload
2021-06-16T14:05:10.023Z - info: Current opened pages, from most-to-least recent:
2021-06-16T14:05:10.023Z - info: 1. se-book/index
2021-06-16T14:05:11.067Z - info: No pages needed to be rebuilt
2021-06-16T14:07:41.790Z - info: Building C:\repos\nus-cs2103\cs2103-website-base\book\about\usage as some of its dependencies were changed since the last visit
2021-06-16T14:07:42.194Z - info: Site data built
2021-06-16T14:07:42.194Z - info: Lazy website regeneration complete! Total build time: 0.404s
2021-06-16T14:10:05.164Z - info: Building C:\repos\nus-cs2103\cs2103-website-base\book\index as some of its dependencies were changed since the last visit
2021-06-16T14:10:05.320Z - info: Site data built
2021-06-16T14:10:05.320Z - info: Lazy website regeneration complete! Total build time: 0.157s
2021-06-16T14:11:17.213Z - info: Website generation (lazy) started at 10:11:12 pm
2021-06-16T14:11:31.905Z - info: Building assets...
2021-06-16T14:11:40.272Z - info: Assets built
2021-06-16T14:11:40.273Z - info: Generating landing page...
2021-06-16T14:11:40.575Z - info: Landing page built, other pages will be built as you navigate to them!
2021-06-16T14:11:41.320Z - info: Site data built
2021-06-16T14:11:41.320Z - info: Website generation (lazy) complete! Total build time: 28.582s
2021-06-16T14:11:42.132Z - info: Serving "C:\repos\nus-cs2103\cs2103-website-base\book\_site" at http://127.0.0.1:8080
2021-06-16T14:11:42.133Z - info: Press CTRL+C to stop ...
2021-06-16T14:11:57.266Z - info: [10:11:57 pm] Reload for file change: C:\repos\nus-cs2103\cs2103-website-base\book\_markbind\layouts\default.md
2021-06-16T14:11:57.266Z - info: Synchronizing opened pages list before reload
2021-06-16T14:11:57.267Z - info: Current opened pages, from most-to-least recent:
2021-06-16T14:11:57.268Z - info: 1. se-book/index
2021-06-16T14:11:58.332Z - info: No pages needed to be rebuilt
2021-06-16T14:12:07.573Z - info: Building C:\repos\nus-cs2103\cs2103-website-base\book\index as some of its dependencies were changed since the last visit
2021-06-16T14:12:07.771Z - info: Site data built
2021-06-16T14:12:07.772Z - info: Lazy website regeneration complete! Total build time: 0.199s
2021-06-16T14:12:54.020Z - info: [10:12:54 pm] Reload for file change: C:\repos\nus-cs2103\cs2103-website-base\book\_markbind\layouts\default.md
2021-06-16T14:12:54.021Z - info: Synchronizing opened pages list before reload
2021-06-16T14:12:54.022Z - info: Current opened pages, from most-to-least recent:
2021-06-16T14:12:54.022Z - info: 1. se-book/index
2021-06-16T14:12:55.091Z - info: No pages needed to be rebuilt
2021-06-16T14:13:36.101Z - info: [10:13:36 pm] Reload for file change: C:\repos\nus-cs2103\cs2103-website-base\book\index.md
2021-06-16T14:13:36.101Z - info: Synchronizing opened pages list before reload
2021-06-16T14:13:36.102Z - info: Current opened pages, from most-to-least recent:
2021-06-16T14:13:36.102Z - info: 1. se-book/index
2021-06-16T14:13:37.104Z - info: No pages needed to be rebuilt
2021-06-16T14:13:47.954Z - info: Building C:\repos\nus-cs2103\cs2103-website-base\book\index as some of its dependencies were changed since the last visit
2021-06-16T14:13:48.097Z - info: Site data built
2021-06-16T14:13:48.097Z - info: Lazy website regeneration complete! Total build time: 0.144s
2021-06-16T14:15:39.978Z - info: [10:15:39 pm] Reload for file change: C:\repos\nus-cs2103\cs2103-website-base\book\index.md
2021-06-16T14:15:39.979Z - info: Synchronizing opened pages list before reload
2021-06-16T14:15:39.979Z - info: Current opened pages, from most-to-least recent:
2021-06-16T14:15:39.979Z - info: 1. se-book/index
2021-06-16T14:15:40.990Z - info: No pages needed to be rebuilt
2021-06-16T14:15:48.077Z - info: Building C:\repos\nus-cs2103\cs2103-website-base\book\about\acknowledgements as some of its dependencies were changed since the last visit
2021-06-16T14:15:48.199Z - info: Site data built
2021-06-16T14:15:48.199Z - info: Lazy website regeneration complete! Total build time: 0.123s
2021-06-16T14:16:36.422Z - info: [10:16:36 pm] Reload for file change: C:\repos\nus-cs2103\cs2103-website-base\book\about\acknowledgements.md
2021-06-16T14:16:36.423Z - info: Synchronizing opened pages list before reload
2021-06-16T14:16:36.423Z - info: Current opened pages, from most-to-least recent:
2021-06-16T14:16:36.423Z - info: 1. se-book/about/acknowledgements
2021-06-16T14:16:37.428Z - info: No pages needed to be rebuilt
2021-06-16T14:16:39.505Z - info: Building C:\repos\nus-cs2103\cs2103-website-base\book\about\acknowledgements as some of its dependencies were changed since the last visit
2021-06-16T14:16:39.594Z - info: Site data built
2021-06-16T14:16:39.594Z - info: Lazy website regeneration complete! Total build time: 0.09s
2021-06-16T14:16:52.533Z - info: [10:16:52 pm] Reload for file change: C:\repos\nus-cs2103\cs2103-website-base\book\about\acknowledgements.md
2021-06-16T14:16:52.533Z - info: Synchronizing opened pages list before reload
2021-06-16T14:16:52.533Z - info: Current opened pages, from most-to-least recent:
2021-06-16T14:16:52.533Z - info: 1. se-book/about/acknowledgements
2021-06-16T14:16:53.535Z - info: No pages needed to be rebuilt
2021-06-16T14:17:00.369Z - info: Building C:\repos\nus-cs2103\cs2103-website-base\book\gatheringRequirements\index as some of its dependencies were changed since the last visit
2021-06-16T14:17:00.775Z - info: Site data built
2021-06-16T14:17:00.775Z - info: Lazy website regeneration complete! Total build time: 0.406s
2021-06-16T14:17:06.085Z - info: Building C:\repos\nus-cs2103\cs2103-website-base\book\about\usage as some of its dependencies were changed since the last visit
2021-06-16T14:17:06.379Z - info: Site data built
2021-06-16T14:17:06.380Z - info: Lazy website regeneration complete! Total build time: 0.295s
2021-06-16T14:17:50.751Z - info: [10:17:50 pm] Reload for file change: C:\repos\nus-cs2103\cs2103-website-base\book\about\usage.md
2021-06-16T14:17:50.751Z - info: Synchronizing opened pages list before reload
2021-06-16T14:17:50.752Z - info: Current opened pages, from most-to-least recent:
2021-06-16T14:17:50.752Z - info: 1. se-book/about/usage
2021-06-16T14:17:51.761Z - info: No pages needed to be rebuilt
2021-06-16T14:17:55.027Z - info: Building C:\repos\nus-cs2103\cs2103-website-base\book\about\usage as some of its dependencies were changed since the last visit
2021-06-16T14:17:55.299Z - info: Site data built
2021-06-16T14:17:55.300Z - info: Lazy website regeneration complete! Total build time: 0.272s
2021-06-16T14:18:20.261Z - info: [10:18:20 pm] Reload for file change: C:\repos\nus-cs2103\cs2103-website-base\book\about\usage.md
2021-06-16T14:18:20.262Z - info: Synchronizing opened pages list before reload
2021-06-16T14:18:20.262Z - info: Current opened pages, from most-to-least recent:
2021-06-16T14:18:20.262Z - info: 1. se-book/about/usage
2021-06-16T14:18:21.272Z - info: No pages needed to be rebuilt
2021-06-16T14:18:22.477Z - info: Building C:\repos\nus-cs2103\cs2103-website-base\book\about\usage as some of its dependencies were changed since the last visit
2021-06-16T14:18:22.742Z - info: Site data built
2021-06-16T14:18:22.742Z - info: Lazy website regeneration complete! Total build time: 0.266s
2021-06-16T14:22:49.036Z - info: [10:22:49 pm] Reload for file change: C:\repos\nus-cs2103\cs2103-website-base\book\about\usage.md
2021-06-16T14:22:49.037Z - info: Synchronizing opened pages list before reload
2021-06-16T14:22:49.037Z - info: Current opened pages, from most-to-least recent:
2021-06-16T14:22:49.037Z - info: 1. se-book/about/usage
2021-06-16T14:22:50.039Z - info: No pages needed to be rebuilt
2021-06-16T14:22:53.186Z - info: Building C:\repos\nus-cs2103\cs2103-website-base\book\about\usage as some of its dependencies were changed since the last visit
2021-06-16T14:22:53.455Z - info: Site data built
2021-06-16T14:22:53.455Z - info: Lazy website regeneration complete! Total build time: 0.27s
2021-06-16T14:22:54.432Z - info: Building C:\repos\nus-cs2103\cs2103-website-base\book\about\usage as some of its dependencies were changed since the last visit
2021-06-16T14:22:54.622Z - info: Site data built
2021-06-16T14:22:54.622Z - info: Lazy website regeneration complete! Total build time: 0.19s
2021-06-16T14:23:07.338Z - info: [10:23:07 pm] Reload for file change: C:\repos\nus-cs2103\cs2103-website-base\book\about\usage.md
2021-06-16T14:23:07.338Z - info: Synchronizing opened pages list before reload
2021-06-16T14:23:07.338Z - info: Current opened pages, from most-to-least recent:
2021-06-16T14:23:07.338Z - info: 1. se-book/about/usage
2021-06-16T14:23:08.343Z - info: No pages needed to be rebuilt
2021-06-16T14:23:30.633Z - info: Building C:\repos\nus-cs2103\cs2103-website-base\book\index as some of its dependencies were changed since the last visit
2021-06-16T14:23:30.770Z - info: Site data built
2021-06-16T14:23:30.770Z - info: Lazy website regeneration complete! Total build time: 0.137s
2021-06-16T14:26:07.502Z - info: [10:26:07 pm] Reload for file change: C:\repos\nus-cs2103\cs2103-website-base\book\about\usage.md
2021-06-16T14:26:07.506Z - info: Synchronizing opened pages list before reload
2021-06-16T14:26:07.506Z - info: Current opened pages, from most-to-least recent:
2021-06-16T14:26:07.507Z - info: 1. se-book/index
2021-06-16T14:26:08.520Z - info: No pages needed to be rebuilt
2021-06-16T14:49:24.758Z - info: [10:49:24 pm] Reload for file change: C:\repos\nus-cs2103\cs2103-website-base\book\index.md
2021-06-16T14:49:24.759Z - info: Synchronizing opened pages list before reload
2021-06-16T14:49:24.759Z - info: Current opened pages, from most-to-least recent:
2021-06-16T14:49:24.759Z - info: 1. se-book/index
2021-06-16T14:49:25.766Z - info: No pages needed to be rebuilt
2021-06-16T14:49:38.196Z - info: Building C:\repos\nus-cs2103\cs2103-website-base\book\index as some of its dependencies were changed since the last visit
2021-06-16T14:49:38.417Z - info: Site data built
2021-06-16T14:49:38.418Z - info: Lazy website regeneration complete! Total build time: 0.223s
2021-06-16T14:49:48.195Z - info: [10:49:48 pm] Reload for file change: C:\repos\nus-cs2103\cs2103-website-base\book\index.md
2021-06-16T14:49:48.195Z - info: Synchronizing opened pages list before reload
2021-06-16T14:49:48.195Z - info: Current opened pages, from most-to-least recent:
2021-06-16T14:49:48.195Z - info: 1. se-book/index
2021-06-16T14:49:49.203Z - info: No pages needed to be rebuilt
2021-06-16T15:11:55.221Z - info: [11:11:55 pm] Reload for file change: C:\repos\nus-cs2103\cs2103-website-base\book\site.json
2021-06-16T15:12:15.911Z - info: Website generation (lazy) started at 11:12:10 pm
2021-06-16T15:12:30.737Z - info: Building assets...
2021-06-16T15:12:40.398Z - info: Assets built
2021-06-16T15:12:40.398Z - info: Generating landing page...
2021-06-16T15:12:40.710Z - info: Landing page built, other pages will be built as you navigate to them!
2021-06-16T15:12:41.555Z - info: Site data built
2021-06-16T15:12:41.556Z - info: Website generation (lazy) complete! Total build time: 31.163s
2021-06-16T15:12:42.359Z - info: Serving "C:\repos\nus-cs2103\cs2103-website-base\book\_site" at http://127.0.0.1:8080
2021-06-16T15:12:42.360Z - info: Press CTRL+C to stop ...
2021-06-16T15:13:01.508Z - info: [11:13:01 pm] Reload for file change: C:\repos\nus-cs2103\cs2103-website-base\book\_markbind\layouts\default.md
2021-06-16T15:13:01.508Z - info: Synchronizing opened pages list before reload
2021-06-16T15:13:01.509Z - info: Current opened pages, from most-to-least recent:
2021-06-16T15:13:01.509Z - info: 1. index
2021-06-16T15:13:02.582Z - info: Rebuilding 1 pages
2021-06-16T15:13:02.721Z - info: Site data built
2021-06-16T15:13:02.721Z - info: Pages rebuilt
2021-06-16T15:13:02.722Z - info: Website regeneration complete! Total build time: 0.143s
2021-06-16T15:13:17.033Z - info: [11:13:17 pm] Reload for file change: C:\repos\nus-cs2103\cs2103-website-base\book\_markbind\layouts\default.md
2021-06-16T15:13:17.033Z - info: Synchronizing opened pages list before reload
2021-06-16T15:13:17.033Z - info: Current opened pages, from most-to-least recent:
2021-06-16T15:13:17.033Z - info: 1. index
2021-06-16T15:13:18.115Z - info: Rebuilding 1 pages
2021-06-16T15:13:18.259Z - info: Site data built
2021-06-16T15:13:18.259Z - info: Pages rebuilt
2021-06-16T15:13:18.259Z - info: Website regeneration complete! Total build time: 0.144s
2021-06-16T15:14:35.034Z - info: Building C:\repos\nus-cs2103\cs2103-website-base\book\about\usage as some of its dependencies were changed since the last visit
2021-06-16T15:14:35.470Z - info: Site data built
2021-06-16T15:14:35.470Z - info: Lazy website regeneration complete! Total build time: 0.436s
2021-06-16T15:15:00.630Z - info: [11:15:00 pm] Reload for file change: C:\repos\nus-cs2103\cs2103-website-base\book\_markbind\layouts\default.md
2021-06-16T15:15:00.630Z - info: Synchronizing opened pages list before reload
2021-06-16T15:15:00.630Z - info: Current opened pages, from most-to-least recent:
2021-06-16T15:15:00.630Z - info: 1. about/usage
2021-06-16T15:15:01.692Z - info: Rebuilding 1 pages
2021-06-16T15:15:02.022Z - info: Site data built
2021-06-16T15:15:02.022Z - info: Pages rebuilt
2021-06-16T15:15:02.022Z - info: Website regeneration complete! Total build time: 0.331s
2021-06-16T15:15:12.515Z - info: [11:15:12 pm] Reload for file change: C:\repos\nus-cs2103\cs2103-website-base\book\_markbind\layouts\default.md
2021-06-16T15:15:12.515Z - info: Synchronizing opened pages list before reload
2021-06-16T15:15:12.515Z - info: Current opened pages, from most-to-least recent:
2021-06-16T15:15:12.515Z - info: 1. about/usage
2021-06-16T15:15:13.555Z - info: Rebuilding 1 pages
2021-06-16T15:15:13.803Z - info: Site data built
2021-06-16T15:15:13.803Z - info: Pages rebuilt
2021-06-16T15:15:13.803Z - info: Website regeneration complete! Total build time: 0.248s
2021-06-16T15:18:25.863Z - info: [11:18:25 pm] Reload for file change: C:\repos\nus-cs2103\cs2103-website-base\book\_markbind\layouts\default.md
2021-06-16T15:18:25.863Z - info: Synchronizing opened pages list before reload
2021-06-16T15:18:25.863Z - info: Current opened pages, from most-to-least recent:
2021-06-16T15:18:25.863Z - info: 1. about/usage
2021-06-16T15:18:26.912Z - info: Rebuilding 1 pages
2021-06-16T15:18:27.166Z - info: Site data built
2021-06-16T15:18:27.166Z - info: Pages rebuilt
2021-06-16T15:18:27.166Z - info: Website regeneration complete! Total build time: 0.255s
2021-06-16T15:18:33.296Z - info: Building C:\repos\nus-cs2103\cs2103-website-base\book\about\acknowledgements as some of its dependencies were changed since the last visit
2021-06-16T15:18:33.420Z - info: Site data built
2021-06-16T15:18:33.420Z - info: Lazy website regeneration complete! Total build time: 0.124s
2021-06-16T15:18:52.312Z - info: Building C:\repos\nus-cs2103\cs2103-website-base\book\softwareEngineering\index as some of its dependencies were changed since the last visit
2021-06-16T15:18:52.569Z - info: Site data built
2021-06-16T15:18:52.570Z - info: Lazy website regeneration complete! Total build time: 0.258s
2021-06-16T15:19:32.969Z - info: Building C:\repos\nus-cs2103\cs2103-website-base\book\oop\index as some of its dependencies were changed since the last visit
2021-06-16T15:19:34.679Z - info: Site data built
2021-06-16T15:19:34.680Z - info: Lazy website regeneration complete! Total build time: 1.712s
2021-06-16T15:19:36.904Z - debug:  
2021-06-16T15:20:04.151Z - info: [11:20:04 pm] Reload for file change: C:\repos\nus-cs2103\cs2103-website-base\book\_markbind\layouts\default.md
2021-06-16T15:20:04.152Z - info: Synchronizing opened pages list before reload
2021-06-16T15:20:04.153Z - info: Current opened pages, from most-to-least recent:
2021-06-16T15:20:04.153Z - info: 1. softwareEngineering/index
2021-06-16T15:20:05.231Z - info: Rebuilding 1 pages
2021-06-16T15:20:05.464Z - info: Site data built
2021-06-16T15:20:05.464Z - info: Pages rebuilt
2021-06-16T15:20:05.465Z - info: Website regeneration complete! Total build time: 0.235s
2021-06-16T15:20:10.407Z - info: Building C:\repos\nus-cs2103\cs2103-website-base\book\about\acknowledgements as some of its dependencies were changed since the last visit
2021-06-16T15:20:10.511Z - info: Site data built
2021-06-16T15:20:10.511Z - info: Lazy website regeneration complete! Total build time: 0.105s
2021-06-16T15:20:13.426Z - info: Building C:\repos\nus-cs2103\cs2103-website-base\book\about\usage as some of its dependencies were changed since the last visit
2021-06-16T15:20:13.665Z - info: Site data built
2021-06-16T15:20:13.665Z - info: Lazy website regeneration complete! Total build time: 0.239s
2021-06-16T15:21:39.027Z - info: Building C:\repos\nus-cs2103\cs2103-website-base\book\revisionControl\index as some of its dependencies were changed since the last visit
2021-06-16T15:21:39.546Z - info: Site data built
2021-06-16T15:21:39.546Z - info: Lazy website regeneration complete! Total build time: 0.519s
