2025-07-27T15:22:05.513Z - info: Website generation (lazy) started at 23:22:05
2025-07-27T15:22:05.940Z - info: Building assets...
2025-07-27T15:22:07.490Z - info: Assets built
2025-07-27T15:22:07.496Z - info: Generating landing page...
2025-07-27T15:22:07.599Z - info: Landing page built, other pages will be built as you navigate to them!
2025-07-27T15:22:07.668Z - info: Site data built
2025-07-27T15:22:07.668Z - info: Website generation (lazy) complete! Total build time: 2.166s
2025-07-27T15:22:08.691Z - info: Serving "/Users/damithch/Repos/nus-cs2103/cs2103-website-base/book/_site" at http://127.0.0.1:63723
2025-07-27T15:22:08.692Z - info: Press CTRL+C to stop ...
2025-07-27T15:38:54.901Z - info: Building /Users/damithch/Repos/nus-cs2103/cs2103-website-base/book/gitAndGithub/trail/index as some of its dependencies were changed since the last visit
2025-07-27T15:38:55.200Z - warn: You might have an invalid hash for intra-link! Ignore this warning if it was intended.'
  /se-book/gitAndGithub/trail/recordingFolderHistory/index.html#t1l1-introduction-to-revision-control' found in file '/Users/damithch/Repos/nus-cs2103/cs2103-website-base/book/gitAndGithub/trail/text.md'
2025-07-27T15:38:55.201Z - warn: You might have an invalid hash for intra-link! Ignore this warning if it was intended.'
  /se-book/gitAndGithub/trail/recordingFolderHistory/index.html#t1l2-preparing-to-use-git' found in file '/Users/damithch/Repos/nus-cs2103/cs2103-website-base/book/gitAndGithub/trail/text.md'
2025-07-27T15:38:55.201Z - warn: You might have an invalid hash for intra-link! Ignore this warning if it was intended.'
  /se-book/gitAndGithub/trail/recordingFolderHistory/index.html#t1l3-putting-a-folder-under-git-s-control' found in file '/Users/damithch/Repos/nus-cs2103/cs2103-website-base/book/gitAndGithub/trail/text.md'
2025-07-27T15:38:55.201Z - warn: You might have an invalid hash for intra-link! Ignore this warning if it was intended.'
  /se-book/gitAndGithub/trail/recordingFolderHistory/index.html#t1l4-specifying-what-to-include-in-a-snapshot' found in file '/Users/damithch/Repos/nus-cs2103/cs2103-website-base/book/gitAndGithub/trail/text.md'
2025-07-27T15:38:55.201Z - warn: You might have an invalid hash for intra-link! Ignore this warning if it was intended.'
  /se-book/gitAndGithub/trail/recordingFolderHistory/index.html#t1l5-saving-a-snapshot' found in file '/Users/damithch/Repos/nus-cs2103/cs2103-website-base/book/gitAndGithub/trail/text.md'
2025-07-27T15:38:55.201Z - warn: You might have an invalid hash for intra-link! Ignore this warning if it was intended.'
  /se-book/gitAndGithub/trail/backingUpOnCloud/index.html#t2l1-remote-repositories' found in file '/Users/damithch/Repos/nus-cs2103/cs2103-website-base/book/gitAndGithub/trail/text.md'
2025-07-27T15:38:55.201Z - warn: You might have an invalid hash for intra-link! Ignore this warning if it was intended.'
  /se-book/gitAndGithub/trail/backingUpOnCloud/index.html#t2l2-preparing-to-use-github' found in file '/Users/damithch/Repos/nus-cs2103/cs2103-website-base/book/gitAndGithub/trail/text.md'
2025-07-27T15:38:55.201Z - warn: You might have an invalid hash for intra-link! Ignore this warning if it was intended.'
  /se-book/gitAndGithub/trail/backingUpOnCloud/index.html#t2l3-creating-a-repo-on-github' found in file '/Users/damithch/Repos/nus-cs2103/cs2103-website-base/book/gitAndGithub/trail/text.md'
2025-07-27T15:38:55.201Z - warn: You might have an invalid hash for intra-link! Ignore this warning if it was intended.'
  /se-book/gitAndGithub/trail/backingUpOnCloud/index.html#t2l4-linking-a-local-repo-with-a-remote-repo' found in file '/Users/damithch/Repos/nus-cs2103/cs2103-website-base/book/gitAndGithub/trail/text.md'
2025-07-27T15:38:55.201Z - warn: You might have an invalid hash for intra-link! Ignore this warning if it was intended.'
  /se-book/gitAndGithub/trail/backingUpOnCloud/index.html#t2l5-updating-the-remote-repo' found in file '/Users/damithch/Repos/nus-cs2103/cs2103-website-base/book/gitAndGithub/trail/text.md'
2025-07-27T15:38:55.201Z - warn: You might have an invalid hash for intra-link! Ignore this warning if it was intended.'
  /se-book/gitAndGithub/trail/backingUpOnCloud/index.html#t2l6-omitting-files-from-revision-control' found in file '/Users/damithch/Repos/nus-cs2103/cs2103-website-base/book/gitAndGithub/trail/text.md'
2025-07-27T15:38:55.201Z - warn: You might have an invalid hash for intra-link! Ignore this warning if it was intended.'
  /se-book/gitAndGithub/trail/workingWithRemotes/index.html#t3l1-duplicating-a-remote-repo-on-the-cloud' found in file '/Users/damithch/Repos/nus-cs2103/cs2103-website-base/book/gitAndGithub/trail/text.md'
2025-07-27T15:38:55.201Z - warn: You might have an invalid hash for intra-link! Ignore this warning if it was intended.'
  /se-book/gitAndGithub/trail/workingWithRemotes/index.html#t3l2-creating-a-local-copy-of-a-repo' found in file '/Users/damithch/Repos/nus-cs2103/cs2103-website-base/book/gitAndGithub/trail/text.md'
2025-07-27T15:38:55.201Z - warn: You might have an invalid hash for intra-link! Ignore this warning if it was intended.'
  /se-book/gitAndGithub/trail/workingWithRemotes/index.html#t3l3-downloading-data-into-a-local-repo' found in file '/Users/damithch/Repos/nus-cs2103/cs2103-website-base/book/gitAndGithub/trail/text.md'
2025-07-27T15:38:55.201Z - warn: You might have an invalid hash for intra-link! Ignore this warning if it was intended.'
  /se-book/gitAndGithub/trail/usingRevisionHistory/index.html#t4l1-examining-the-revision-history' found in file '/Users/damithch/Repos/nus-cs2103/cs2103-website-base/book/gitAndGithub/trail/text.md'
2025-07-27T15:38:55.201Z - warn: You might have an invalid hash for intra-link! Ignore this warning if it was intended.'
  /se-book/gitAndGithub/trail/usingRevisionHistory/index.html#t4l2-examining-a-commit' found in file '/Users/damithch/Repos/nus-cs2103/cs2103-website-base/book/gitAndGithub/trail/text.md'
2025-07-27T15:38:55.201Z - warn: You might have an invalid hash for intra-link! Ignore this warning if it was intended.'
  /se-book/gitAndGithub/trail/usingRevisionHistory/index.html#t4l3-tagging-commits' found in file '/Users/damithch/Repos/nus-cs2103/cs2103-website-base/book/gitAndGithub/trail/text.md'
2025-07-27T15:38:55.201Z - warn: You might have an invalid hash for intra-link! Ignore this warning if it was intended.'
  /se-book/gitAndGithub/trail/usingRevisionHistory/index.html#t4l4-comparing-points-of-history' found in file '/Users/damithch/Repos/nus-cs2103/cs2103-website-base/book/gitAndGithub/trail/text.md'
2025-07-27T15:38:55.201Z - warn: You might have an invalid hash for intra-link! Ignore this warning if it was intended.'
  /se-book/gitAndGithub/trail/usingRevisionHistory/index.html#t4l5-traversing-to-a-specific-commit' found in file '/Users/damithch/Repos/nus-cs2103/cs2103-website-base/book/gitAndGithub/trail/text.md'
2025-07-27T15:38:55.202Z - warn: You might have an invalid hash for intra-link! Ignore this warning if it was intended.'
  /se-book/gitAndGithub/trail/usingRevisionHistory/index.html#t4l6-rewriting-history-to-start-over' found in file '/Users/damithch/Repos/nus-cs2103/cs2103-website-base/book/gitAndGithub/trail/text.md'
2025-07-27T15:38:55.202Z - warn: You might have an invalid hash for intra-link! Ignore this warning if it was intended.'
  /se-book/gitAndGithub/trail/usingRevisionHistory/index.html#t4l7-reverting-a-specific-commit' found in file '/Users/damithch/Repos/nus-cs2103/cs2103-website-base/book/gitAndGithub/trail/text.md'
2025-07-27T15:38:55.202Z - warn: You might have an invalid hash for intra-link! Ignore this warning if it was intended.'
  /se-book/gitAndGithub/trail/fineTuningHistory/index.html#t5l1-controlling-what-goes-into-a-commit' found in file '/Users/damithch/Repos/nus-cs2103/cs2103-website-base/book/gitAndGithub/trail/text.md'
2025-07-27T15:38:55.202Z - warn: You might have an invalid hash for intra-link! Ignore this warning if it was intended.'
  /se-book/gitAndGithub/trail/fineTuningHistory/index.html#t5l2-writing-good-commit-messages' found in file '/Users/damithch/Repos/nus-cs2103/cs2103-website-base/book/gitAndGithub/trail/text.md'
2025-07-27T15:38:55.202Z - warn: You might have an invalid hash for intra-link! Ignore this warning if it was intended.'
  /se-book/gitAndGithub/trail/fineTuningHistory/index.html#t5l3-reorganising-commits' found in file '/Users/damithch/Repos/nus-cs2103/cs2103-website-base/book/gitAndGithub/trail/text.md'
2025-07-27T15:38:55.202Z - warn: You might have an invalid hash for intra-link! Ignore this warning if it was intended.'
  /se-book/gitAndGithub/trail/branchingLocally/index.html#t6l1-creating-branches' found in file '/Users/damithch/Repos/nus-cs2103/cs2103-website-base/book/gitAndGithub/trail/text.md'
2025-07-27T15:38:55.202Z - warn: You might have an invalid hash for intra-link! Ignore this warning if it was intended.'
  /se-book/gitAndGithub/trail/branchingLocally/index.html#t6l2-merging-branches' found in file '/Users/damithch/Repos/nus-cs2103/cs2103-website-base/book/gitAndGithub/trail/text.md'
2025-07-27T15:38:55.202Z - warn: You might have an invalid hash for intra-link! Ignore this warning if it was intended.'
  /se-book/gitAndGithub/trail/branchingLocally/index.html#t6l3-resolving-merge-conflicts' found in file '/Users/damithch/Repos/nus-cs2103/cs2103-website-base/book/gitAndGithub/trail/text.md'
2025-07-27T15:38:55.202Z - warn: You might have an invalid hash for intra-link! Ignore this warning if it was intended.'
  /se-book/gitAndGithub/trail/branchingLocally/index.html#t6l4-renaming-branches' found in file '/Users/damithch/Repos/nus-cs2103/cs2103-website-base/book/gitAndGithub/trail/text.md'
2025-07-27T15:38:55.202Z - warn: You might have an invalid hash for intra-link! Ignore this warning if it was intended.'
  /se-book/gitAndGithub/trail/branchingLocally/index.html#t6l5-deleting-branches' found in file '/Users/damithch/Repos/nus-cs2103/cs2103-website-base/book/gitAndGithub/trail/text.md'
2025-07-27T15:38:55.202Z - warn: You might have an invalid hash for intra-link! Ignore this warning if it was intended.'
  /se-book/gitAndGithub/trail/syncingBranches/index.html#t7l1-merging-to-sync-branches' found in file '/Users/damithch/Repos/nus-cs2103/cs2103-website-base/book/gitAndGithub/trail/text.md'
2025-07-27T15:38:55.202Z - warn: You might have an invalid hash for intra-link! Ignore this warning if it was intended.'
  /se-book/gitAndGithub/trail/syncingBranches/index.html#t7l2-rebasing-to-sync-branches' found in file '/Users/damithch/Repos/nus-cs2103/cs2103-website-base/book/gitAndGithub/trail/text.md'
2025-07-27T15:38:55.202Z - warn: You might have an invalid hash for intra-link! Ignore this warning if it was intended.'
  /se-book/gitAndGithub/trail/syncingBranches/index.html#t7l3-copying-specific-commits' found in file '/Users/damithch/Repos/nus-cs2103/cs2103-website-base/book/gitAndGithub/trail/text.md'
2025-07-27T15:38:55.202Z - warn: You might have an invalid hash for intra-link! Ignore this warning if it was intended.'
  /se-book/gitAndGithub/trail/remoteBranches/index.html#t8l1-pushing-branches-to-a-remote' found in file '/Users/damithch/Repos/nus-cs2103/cs2103-website-base/book/gitAndGithub/trail/text.md'
2025-07-27T15:38:55.202Z - warn: You might have an invalid hash for intra-link! Ignore this warning if it was intended.'
  /se-book/gitAndGithub/trail/remoteBranches/index.html#t8l2-pulling-branches-from-a-remote' found in file '/Users/damithch/Repos/nus-cs2103/cs2103-website-base/book/gitAndGithub/trail/text.md'
2025-07-27T15:38:55.203Z - warn: You might have an invalid hash for intra-link! Ignore this warning if it was intended.'
  /se-book/gitAndGithub/trail/remoteBranches/index.html#t8l3-deleting-branches-from-a-remote' found in file '/Users/damithch/Repos/nus-cs2103/cs2103-website-base/book/gitAndGithub/trail/text.md'
2025-07-27T15:38:55.203Z - warn: You might have an invalid hash for intra-link! Ignore this warning if it was intended.'
  /se-book/gitAndGithub/trail/remoteBranches/index.html#t8l4-renaming-branches-in-a-remote' found in file '/Users/damithch/Repos/nus-cs2103/cs2103-website-base/book/gitAndGithub/trail/text.md'
2025-07-27T15:38:55.204Z - info: Site data built
2025-07-27T15:38:55.204Z - info: Lazy website regeneration complete! Total build time: 0.305s
2025-07-27T15:39:45.768Z - info: Building /Users/damithch/Repos/nus-cs2103/cs2103-website-base/book/gitAndGithub/trail/backingUpOnCloud/index as some of its dependencies were changed since the last visit
2025-07-27T15:39:46.045Z - info: Site data built
2025-07-27T15:39:46.045Z - info: Lazy website regeneration complete! Total build time: 0.278s
2025-07-27T15:40:01.919Z - info: Building /Users/damithch/Repos/nus-cs2103/cs2103-website-base/book/gitAndGithub/trail/recordingFolderHistory/index as some of its dependencies were changed since the last visit
2025-07-27T15:40:02.219Z - warn: You might have an invalid hash for intra-link! Ignore this warning if it was intended.'
  /se-book/gitAndGithub/interactiveRebase#updateLastCommit' found in file '/Users/damithch/Repos/nus-cs2103/cs2103-website-base/book/gitAndGithub/commit/text.md'
2025-07-27T15:40:02.219Z - warn: You might have an invalid hash for intra-link! Ignore this warning if it was intended.'
  /se-book/gitAndGithub/reset#resetUncommitedChanges' found in file '/Users/damithch/Repos/nus-cs2103/cs2103-website-base/book/gitAndGithub/commit/text.md'
2025-07-27T15:40:02.219Z - warn: You might have an invalid hash for intra-link! Ignore this warning if it was intended.'
  /se-book/gitAndGithub/reset#undoRecentCommits' found in file '/Users/damithch/Repos/nus-cs2103/cs2103-website-base/book/gitAndGithub/commit/text.md'
2025-07-27T15:40:02.220Z - info: Site data built
2025-07-27T15:40:02.220Z - info: Lazy website regeneration complete! Total build time: 0.302s
2025-07-27T15:41:54.524Z - info: Building /Users/damithch/Repos/nus-cs2103/cs2103-website-base/book/gitAndGithub/print as some of its dependencies were changed since the last visit
2025-07-27T15:41:55.219Z - warn: You might have an invalid intra-link! Ignore this warning if it was intended.
'/se-book/gitAndGithub/branch/images/sourcetree_3.png' found in file '/Users/damithch/Repos/nus-cs2103/cs2103-website-base/book/gitAndGithub/remoteBranches/sourcetree_4.md'
2025-07-27T15:41:55.222Z - info: Site data built
2025-07-27T15:41:55.222Z - info: Lazy website regeneration complete! Total build time: 0.699s
