2023-07-09T15:42:50.347Z - info: Website generation started at 11:42:40 pm
2023-07-09T15:43:11.584Z - info: Building assets...
2023-07-09T15:43:23.587Z - info: Assets built
2023-07-09T15:43:23.588Z - info: Generating pages...
2023-07-09T15:43:36.758Z - debug:  
2023-07-09T15:43:36.759Z - debug:  
2023-07-09T15:43:37.444Z - debug:  
2023-07-09T15:43:42.467Z - debug:  
2023-07-09T15:43:42.468Z - debug:  
2023-07-09T15:43:46.599Z - debug:  
2023-07-09T15:43:46.600Z - debug:  
2023-07-09T15:43:46.600Z - debug:  
2023-07-09T15:43:46.600Z - debug:  
2023-07-09T15:43:46.601Z - debug:  
2023-07-09T15:43:46.601Z - debug:  
2023-07-09T15:43:46.601Z - debug:  
2023-07-09T15:43:46.601Z - debug:  
2023-07-09T15:43:46.601Z - debug:  
2023-07-09T15:43:46.601Z - debug:  
2023-07-09T15:43:46.601Z - debug:  
2023-07-09T15:44:51.625Z - info: Pages built
2023-07-09T15:44:52.801Z - info: Site data built
2023-07-09T15:44:52.801Z - info: Website generation complete! Total build time: 131.828s
2023-07-09T15:44:53.688Z - info: Serving "C:\repos\nus-cs2103\cs2103-website-base\book\_site" at http://127.0.0.1:8080
2023-07-09T15:44:53.688Z - info: Press CTRL+C to stop ...
2023-07-09T15:50:13.851Z - info: The website has been deployed at: https://se-edu.github.io/se-book
